undefined	undefined
undefined	undefined
https://labs.jxck.io/ping/	https://labs.jxck.io/ping/
https://labs.jxck.io/ping/	https://example.com/
https://labs.jxck.io/ping/	https://example.com/
http://labs.jxck.io/ping/	http://labs.jxck.io/ping/
http://labs.jxck.io/ping/	http://labs.jxck.io/ping/
http://labs.jxck.io/ping/	http://labs.jxck.io/ping/
http://labs.jxck.io/ping/	http://labs.jxck.io/ping/
http://labs.jxck.io/ping/	http://labs.jxck.io/ping/
http://labs.jxck.io/ping/	http://labs.jxck.io/ping/
http://labs.jxck.io/ping/	http://labs.jxck.io/ping/
http://labs.jxck.io/ping/	http://labs.jxck.io/ping/
http://labs.jxck.io/ping/	http://labs.jxck.io/ping/
http://labs.jxck.io/ping/	http://labs.jxck.io/ping/
http://labs.jxck.io/ping/	http://labs.jxck.io/ping/
http://labs.jxck.io/ping/	http://labs.jxck.io/ping/
http://labs.jxck.io/ping/	http://labs.jxck.io/ping/
http://labs.jxck.io/ping/	http://labs.jxck.io/ping/
http://labs.jxck.io/ping/	https://example.com/
http://labs.jxck.io/ping/	http://labs.jxck.io/ping/
http://labs.jxck.io/ping/	http://labs.jxck.io/ping/
http://labs.jxck.io/ping/	http://labs.jxck.io/ping/
http://labs.jxck.io/ping/	http://labs.jxck.io/ping/
http://labs.jxck.io/ping/	http://labs.jxck.io/ping/
http://labs.jxck.io/ping/	http://labs.jxck.io/ping/
http://labs.jxck.io/ping/	http://labs.jxck.io/ping/
