<0.3.0>[ssl:start#73]
	temporary
<0.67.0>[tls_connection_sup:start_link#41]
<0.68.0>[tls_connection_sup:init#60]
	[]
[client:main#17] ok
<0.3.0>[ssl:connect#122]
<0.3.0>[ssl:connect#126]
<0.3.0>[ssl:handle_options#791]
	">>"
<0.3.0>[ssl:connection_cb#1389]
	dtls dtls_connection
<0.3.0>[ssl:handle_options#908]
	"<<"
<0.3.0>[ssl:connect#134]
<0.3.0>[ssl_connection:connect#86]
<0.3.0>[ssl_connection:socket_control#173]
	dtls_connection gen_udp <0.73.0>
<0.3.0>[ssl_connection:handshake#120]
	<0.73.0> infinity
<0.3.0>[ssl_connection:call#2206]
	"-> gen_statem:call(" <0.73.0> {start,infinity} ")"
<0.73.0>[ssl_cipher:security_parameters#77]
<0.73.0>[ssl_cipher:security_parameters#88]
<0.73.0>[ssl_connection:ssl_config#359]
<0.73.0>[ssl_handshake:init_handshake_history#497]
<0.73.0>[ssl_handshake:client_hello_extensions#131]
<0.73.0>[ssl_handshake:advertises_ec_ciphers#1718]
<0.73.0>[ssl_handshake:advertises_ec_ciphers#1700]
<0.73.0>[ssl_handshake:client_hello_extensions#138]
<0.73.0>[ssl_handshake:srp_user#1663]
<0.73.0>[ssl_handshake:renegotiation_info#1540]
<0.73.0>[ssl_handshake:encode_alpn#1046]
<0.73.0>[ssl_handshake:encode_client_protocol_negotiation#1060]
<0.73.0>[ssl_handshake:sni#1763]
<0.73.0>[ssl_handshake:sni1#1770]
<0.73.0>[ssl_handshake:cipher_suites#1318]
<0.73.0>[ssl_record:compressions#334]
<0.73.0>[ssl_handshake:encode_hello_extensions#907]
<0.73.0>[ssl_handshake:hello_extensions_list#1655]
<0.73.0>[ssl_handshake:encode_hello_extensions#929]
<0.73.0>[ssl_handshake:encode_hello_extensions#910]
<0.73.0>[ssl_handshake:update_handshake_history#520]
<0.73.0>[ssl_record:compress#325]
	[[<<1,0,0,44,0,0,0,0,0,0,0,44,254,253,89,53,16,170,215,80,184,111,14,
            173,255,60,192,71,92,241,175,154,95,251,209,237,84,170,191,192,
            193,102,58,196,32,78,0,0,0,4,0,255,0,60,1,0>>]]
<0.73.0>[dtls_v1:mac_hash#42]
	{254,255} 0 undefined 0 22 56 [[<<1,0,0,44,0,0,0,0,0,0,0,44,254,253,
                                          89,53,16,170,215,80,184,111,14,173,
                                          255,60,192,71,92,241,175,154,95,
                                          251,209,237,84,170,191,192,193,102,
                                          58,196,32,78,0,0,0,4,0,255,0,60,1,0>>]]
<0.73.0>[ssl_record:cipher#349]
	[[<<1,0,0,44,0,0,0,0,0,0,0,44,254,253,89,53,16,170,215,80,184,111,14,
            173,255,60,192,71,92,241,175,154,95,251,209,237,84,170,191,192,
            193,102,58,196,32,78,0,0,0,4,0,255,0,60,1,0>>]]
<0.73.0>[ssl_cipher:cipher#129]
	null
03 00 00 17 00 00 00 00 00 00 00 17 fe fd 14 ce
2f d4 c4 42 08 2f 5f b4 4b 0f a0 54 b6 d0 fc c1
85 b5 20 

<0.73.0>[ssl_record:decipher#385]
	"Encrypted =" <<3,0,0,23,0,0,0,0,0,0,0,23,254,253,20,206,47,212,196,66,
                        8,47,95,180,75,15,160,84,182,208,252,193,133,181,32>>
<0.73.0>[ssl_cipher:decipher#251]
	null
03 00 00 17 00 00 00 00 00 00 00 17 fe fd 14 ce
2f d4 c4 42 08 2f 5f b4 4b 0f a0 54 b6 d0 fc c1
85 b5 20 

<0.73.0>[ssl_record:decipher#388]
	"Plain =" <<3,0,0,23,0,0,0,0,0,0,0,23,254,253,20,206,47,212,196,66,8,
                    47,95,180,75,15,160,84,182,208,252,193,133,181,32>>


<0.73.0>[ssl_record:decipher#389]
	<<>>
<0.73.0>[dtls_v1:mac_hash#42]
	{254,253} 0 undefined 0 22 35 <<3,0,0,23,0,0,0,0,0,0,0,23,254,253,20,
                                        206,47,212,196,66,8,47,95,180,75,15,
                                        160,84,182,208,252,193,133,181,32>>
<0.73.0>[ssl_record:uncompress#321]
	<<3,0,0,23,0,0,0,0,0,0,0,23,254,253,20,206,47,212,196,66,8,47,95,180,
          75,15,160,84,182,208,252,193,133,181,32>>
<0.73.0>[ssl_connection:hello#444]
	internal {protocol_record,
                     {ssl_tls,22,
                         {254,253},
                         <<3,0,0,23,0,0,0,0,0,0,0,23,254,253,20,206,47,212,196,
                           66,8,47,95,180,75,15,160,84,182,208,252,193,133,181,
                           32>>,
                         0,0}} dtls_connection
<0.73.0>[ssl_connection:hello#445]
	#{data_tag => udp,error_tag => udp_error,
          flight_buffer =>
              #{change_cipher_spec => undefined,
                handshakes =>
                    [[1,
                      <<0,0,44>>,
                      <<0,0>>,
                      <<0,0,0>>,
                      <<0,0,44>>,
                      <<254,253,89,53,16,170,215,80,184,111,14,173,255,60,
                        192,71,92,241,175,154,95,251,209,237,84,170,191,192,
                        193,102,58,196,32,78,0,0,0,4,0,255,0,60,1,0>>]],
                handshakes_after_change_cipher_spec => [],next_sequence => 1},
          hashsign_algorithm => {undefined,undefined},
          key_algorithm => undefined,negotiated_protocol => undefined,
          protocol_buffers => {protocol_buffers,<<>>,0,undefined,[],[],[]},
          protocol_cb => dtls_connection,role => client,
          transport_cb => gen_udp,unprocessed_handshake_events => 0,
          user_data_buffer => <<>>}
<0.73.0>[ssl_connection:handle_common_event#971]
<0.73.0>[ssl_handshake:init_handshake_history#497]
<0.73.0>[ssl_handshake:client_hello_extensions#131]
<0.73.0>[ssl_handshake:advertises_ec_ciphers#1718]
<0.73.0>[ssl_handshake:advertises_ec_ciphers#1700]
<0.73.0>[ssl_handshake:client_hello_extensions#138]
<0.73.0>[ssl_handshake:srp_user#1663]
<0.73.0>[ssl_handshake:renegotiation_info#1540]
<0.73.0>[ssl_handshake:encode_alpn#1046]
<0.73.0>[ssl_handshake:encode_client_protocol_negotiation#1060]
<0.73.0>[ssl_handshake:sni#1763]
<0.73.0>[ssl_handshake:sni1#1770]
<0.73.0>[ssl_handshake:cipher_suites#1318]
<0.73.0>[ssl_record:compressions#334]
<0.73.0>[ssl_handshake:encode_hello_extensions#907]
<0.73.0>[ssl_handshake:hello_extensions_list#1655]
<0.73.0>[ssl_handshake:encode_hello_extensions#929]
<0.73.0>[ssl_handshake:encode_hello_extensions#910]
<0.73.0>[ssl_handshake:update_handshake_history#520]
<0.73.0>[ssl_record:compress#325]
	[[<<1,0,0,64,0,1,0,0,0,0,0,64,254,253,89,53,16,170,215,80,184,111,14,
            173,255,60,192,71,92,241,175,154,95,251,209,237,84,170,191,192,
            193,102,58,196,32,78,0,20,206,47,212,196,66,8,47,95,180,75,15,
            160,84,182,208,252,193,133,181,32,0,4,0,255,0,60,1,0>>]]
<0.73.0>[dtls_v1:mac_hash#42]
	{254,255} 0 undefined 1 22 76 [[<<1,0,0,64,0,1,0,0,0,0,0,64,254,253,
                                          89,53,16,170,215,80,184,111,14,173,
                                          255,60,192,71,92,241,175,154,95,
                                          251,209,237,84,170,191,192,193,102,
                                          58,196,32,78,0,20,206,47,212,196,
                                          66,8,47,95,180,75,15,160,84,182,
                                          208,252,193,133,181,32,0,4,0,255,0,
                                          60,1,0>>]]
<0.73.0>[ssl_record:cipher#349]
	[[<<1,0,0,64,0,1,0,0,0,0,0,64,254,253,89,53,16,170,215,80,184,111,14,
            173,255,60,192,71,92,241,175,154,95,251,209,237,84,170,191,192,
            193,102,58,196,32,78,0,20,206,47,212,196,66,8,47,95,180,75,15,
            160,84,182,208,252,193,133,181,32,0,4,0,255,0,60,1,0>>]]
<0.73.0>[ssl_cipher:cipher#129]
	null
02 00 00 4d 00 01 00 00 00 00 00 4d fe fd 59 35
10 aa ed ad b9 9a 93 ca 50 7a e8 01 84 b1 ac 0a
f0 27 cd 6f a1 c4 8a 0b ac 34 a3 6a e5 76 20 16
29 db 2b 0f 32 a9 9a de 93 30 bd f9 fa 67 54 e4
a1 b8 b4 f2 4e 40 24 1d 69 19 91 97 cc 95 93 00
3c 00 00 05 ff 01 00 01 00 0b 00 03 10 00 02 00
00 00 00 03 10 00 03 0d 00 03 0a 30 82 03 06 30
82 01 ee 02 09 00 af 78 66 98 91 f8 6b d3 30 0d
06 09 2a 86 48 86 f7 0d 01 01 0b 05 00 30 45 31
0b 30 09 06 03 55 04 06 13 02 41 55 31 13 30 11
06 03 55 04 08 0c 0a 53 6f 6d 65 2d 53 74 61 74
65 31 21 30 1f 06 03 55 04 0a 0c 18 49 6e 74 65
72 6e 65 74 20 57 69 64 67 69 74 73 20 50 74 79
20 4c 74 64 30 1e 17 0d 31 37 30 34 32 35 30 35
35 32 35 37 5a 17 0d 32 37 30 34 32 33 30 35 35
32 35 37 5a 30 45 31 0b 30 09 06 03 55 04 06 13
02 41 55 31 13 30 11 06 03 55 04 08 0c 0a 53 6f
6d 65 2d 53 74 61 74 65 31 21 30 1f 06 03 55 04
0a 0c 18 49 6e 74 65 72 6e 65 74 20 57 69 64 67
69 74 73 20 50 74 79 20 4c 74 64 30 82 01 22 30
0d 06 09 2a 86 48 86 f7 0d 01 01 01 05 00 03 82
01 0f 00 30 82 01 0a 02 82 01 01 00 af 95 74 6a
bb c5 03 a1 6d 7a 3e 89 22 be b3 d7 fc 50 bc fc
81 28 5f 68 a2 56 33 f0 34 08 e1 2c 16 e6 a2 8d
b0 3f 78 f4 ee ef 6b 77 0d e7 8a a5 be d2 43 14
32 5d 56 ce b1 c5 21 a7 76 fb 3e f9 66 66 43 e1
c3 c5 1c b2 d1 1b 5a 6a 2e 7c 8e 28 ca dd f7 33
b8 1d b7 c2 7f 77 5e 18 92 8b 29 a6 ff 1f fa 9b
39 88 6d ae e8 20 7d df 42 c1 a3 24 59 27 0b e6
7d f3 4d b6 20 14 92 6e 6c 68 49 75 06 ca 1a 54
41 56 59 f4 76 f3 e5 cd 89 b1 57 dd fa 44 32 67
ed bc dd 7f 5a 40 8c ec e1 de 69 ea f9 6b a9 ee
e1 a3 bc 1e b5 39 d4 b0 8a 3b 56 16 9a 80 7b 61
57 e2 c4 21 dd 1f 38 f8 44 94 52 b1 f0 28 e6 b0
33 99 0f 55 ac 1d 04 8a af 32 56 f6 af ae 80 32
63 b8 ea f3 78 4b dc 68 6e 78 09 c5 e4 dc 8b 64
d5 9a 4c 5c 34 4b 6c 31 35 7d e0 0a d3 46 95 09
c3 a5 d3 e2 75 41 c1 32 fa 75 94 ab 02 03 01 00
01 30 0d 06 09 2a 86 48 86 f7 0d 01 01 0b 05 00
03 82 01 01 00 83 95 0e 7e 20 fe 78 4a 5c a7 9e
88 5d ef 62 e8 6c fb a1 f4 8c e7 4d 28 17 94 68
9c a2 9d dc 7a 8e 21 ed 10 d1 68 c3 02 67 bb 7a
55 5e 21 f9 37 e9 94 61 c9 3b 58 78 02 74 7b ae
1d 16 74 5c 79 d7 de 6a d8 76 6c cc bf eb 21 24
cd ff 9c e7 c0 4c a7 09 9b c6 63 4f 0e dc 49 5b
b4 56 ba 8e eb 8d e9 01 b3 4e b7 8b 1e fa 85 63
74 6c b7 6c 91 b3 cd 50 5b 7d 4e 83 03 14 ae 1d
c3 6f 25 14 78 22 db 9d 07 be 71 7d d3 16 28 90
63 e4 52 b5 0b ef ad b3 50 6c 6f 19 d1 b9 3e 07
f2 5d 37 e4 86 ad ff ae 23 17 17 84 73 a0 1a 4d
21 fe 52 df f6 30 68 70 fb 0d d0 d6 0e df 58 d8
7b 42 59 c9 73 3b 5b 8b f7 06 1b d6 39 21 ee c2
6b 6b 8c 9b 6b ce 35 fe 39 fe bb 31 b3 fd 8c 29
7d 05 04 64 89 c6 4a b0 9c e3 cb 32 f6 a5 c1 a9
27 97 e3 7c 4a bd 6e af d3 92 eb 58 75 7b 7e 31
d4 f9 91 bc 75 0e 00 00 00 00 03 00 00 00 00 00
00 

<0.73.0>[ssl_record:decipher#385]
	"Encrypted =" <<2,0,0,77,0,1,0,0,0,0,0,77,254,253,89,53,16,170,237,173,
                        185,154,147,202,80,122,232,1,132,177,172,10,240,39,205,
                        111,161,196,138,11,172,52,163,106,229,118,32,22,41,219,
                        43,15,50,169,154,222,147,48,189,249,250,103,84,228,161,
                        184,180,242,78,64,36,29,105,25,145,151,204,149,147,0,
                        60,0,0,5,255,1,0,1,0,11,0,3,16,0,2,0,0,0,0,3,16,0,3,13,
                        0,3,10,48,130,3,6,48,130,1,238,2,9,0,175,120,102,152,
                        145,248,107,211,48,13,6,9,42,134,72,134,247,13,1,1,11,
                        5,0,48,69,49,11,48,9,6,3,85,4,6,19,2,65,85,49,19,48,17,
                        6,3,85,4,8,12,10,83,111,109,101,45,83,116,97,116,101,
                        49,33,48,31,6,3,85,4,10,12,24,73,110,116,101,114,110,
                        101,116,32,87,105,100,103,105,116,115,32,80,116,121,32,
                        76,116,100,48,30,23,13,49,55,48,52,50,53,48,53,53,50,
                        53,55,90,23,13,50,55,48,52,50,51,48,53,53,50,53,55,90,
                        48,69,49,11,48,9,6,3,85,4,6,19,2,65,85,49,19,48,17,6,3,
                        85,4,8,12,10,83,111,109,101,45,83,116,97,116,101,49,33,
                        48,31,6,3,85,4,10,12,24,73,110,116,101,114,110,101,116,
                        32,87,105,100,103,105,116,115,32,80,116,121,32,76,116,
                        100,48,130,1,34,48,13,6,9,42,134,72,134,247,13,1,1,1,5,
                        0,3,130,1,15,0,48,130,1,10,2,130,1,1,0,175,149,116,106,
                        187,197,3,161,109,122,62,137,34,190,179,215,252,80,188,
                        252,129,40,95,104,162,86,51,240,52,8,225,44,22,230,162,
                        141,176,63,120,244,238,239,107,119,13,231,138,165,190,
                        210,67,20,50,93,86,206,177,197,33,167,118,251,62,249,
                        102,102,67,225,195,197,28,178,209,27,90,106,46,124,142,
                        40,202,221,247,51,184,29,183,194,127,119,94,24,146,139,
                        41,166,255,31,250,155,57,136,109,174,232,32,125,223,66,
                        193,163,36,89,39,11,230,125,243,77,182,32,20,146,110,
                        108,104,73,117,6,202,26,84,65,86,89,244,118,243,229,
                        205,137,177,87,221,250,68,50,103,237,188,221,127,90,64,
                        140,236,225,222,105,234,249,107,169,238,225,163,188,30,
                        181,57,212,176,138,59,86,22,154,128,123,97,87,226,196,
                        33,221,31,56,248,68,148,82,177,240,40,230,176,51,153,
                        15,85,172,29,4,138,175,50,86,246,175,174,128,50,99,184,
                        234,243,120,75,220,104,110,120,9,197,228,220,139,100,
                        213,154,76,92,52,75,108,49,53,125,224,10,211,70,149,9,
                        195,165,211,226,117,65,193,50,250,117,148,171,2,3,1,0,
                        1,48,13,6,9,42,134,72,134,247,13,1,1,11,5,0,3,130,1,1,
                        0,131,149,14,126,32,254,120,74,92,167,158,136,93,239,
                        98,232,108,251,161,244,140,231,77,40,23,148,104,156,
                        162,157,220,122,142,33,237,16,209,104,195,2,103,187,
                        122,85,94,33,249,55,233,148,97,201,59,88,120,2,116,123,
                        174,29,22,116,92,121,215,222,106,216,118,108,204,191,
                        235,33,36,205,255,156,231,192,76,167,9,155,198,99,79,
                        14,220,73,91,180,86,186,142,235,141,233,1,179,78,183,
                        139,30,250,133,99,116,108,183,108,145,179,205,80,91,
                        125,78,131,3,20,174,29,195,111,37,20,120,34,219,157,7,
                        190,113,125,211,22,40,144,99,228,82,181,11,239,173,179,
                        80,108,111,25,209,185,62,7,242,93,55,228,134,173,255,
                        174,35,23,23,132,115,160,26,77,33,254,82,223,246,48,
                        104,112,251,13,208,214,14,223,88,216,123,66,89,201,115,
                        59,91,139,247,6,27,214,57,33,238,194,107,107,140,155,
                        107,206,53,254,57,254,187,49,179,253,140,41,125,5,4,
                        100,137,198,74,176,156,227,203,50,246,165,193,169,39,
                        151,227,124,74,189,110,175,211,146,235,88,117,123,126,
                        49,212,249,145,188,117,14,0,0,0,0,3,0,0,0,0,0,0>>
<0.73.0>[ssl_cipher:decipher#251]
	null
02 00 00 4d 00 01 00 00 00 00 00 4d fe fd 59 35
10 aa ed ad b9 9a 93 ca 50 7a e8 01 84 b1 ac 0a
f0 27 cd 6f a1 c4 8a 0b ac 34 a3 6a e5 76 20 16
29 db 2b 0f 32 a9 9a de 93 30 bd f9 fa 67 54 e4
a1 b8 b4 f2 4e 40 24 1d 69 19 91 97 cc 95 93 00
3c 00 00 05 ff 01 00 01 00 0b 00 03 10 00 02 00
00 00 00 03 10 00 03 0d 00 03 0a 30 82 03 06 30
82 01 ee 02 09 00 af 78 66 98 91 f8 6b d3 30 0d
06 09 2a 86 48 86 f7 0d 01 01 0b 05 00 30 45 31
0b 30 09 06 03 55 04 06 13 02 41 55 31 13 30 11
06 03 55 04 08 0c 0a 53 6f 6d 65 2d 53 74 61 74
65 31 21 30 1f 06 03 55 04 0a 0c 18 49 6e 74 65
72 6e 65 74 20 57 69 64 67 69 74 73 20 50 74 79
20 4c 74 64 30 1e 17 0d 31 37 30 34 32 35 30 35
35 32 35 37 5a 17 0d 32 37 30 34 32 33 30 35 35
32 35 37 5a 30 45 31 0b 30 09 06 03 55 04 06 13
02 41 55 31 13 30 11 06 03 55 04 08 0c 0a 53 6f
6d 65 2d 53 74 61 74 65 31 21 30 1f 06 03 55 04
0a 0c 18 49 6e 74 65 72 6e 65 74 20 57 69 64 67
69 74 73 20 50 74 79 20 4c 74 64 30 82 01 22 30
0d 06 09 2a 86 48 86 f7 0d 01 01 01 05 00 03 82
01 0f 00 30 82 01 0a 02 82 01 01 00 af 95 74 6a
bb c5 03 a1 6d 7a 3e 89 22 be b3 d7 fc 50 bc fc
81 28 5f 68 a2 56 33 f0 34 08 e1 2c 16 e6 a2 8d
b0 3f 78 f4 ee ef 6b 77 0d e7 8a a5 be d2 43 14
32 5d 56 ce b1 c5 21 a7 76 fb 3e f9 66 66 43 e1
c3 c5 1c b2 d1 1b 5a 6a 2e 7c 8e 28 ca dd f7 33
b8 1d b7 c2 7f 77 5e 18 92 8b 29 a6 ff 1f fa 9b
39 88 6d ae e8 20 7d df 42 c1 a3 24 59 27 0b e6
7d f3 4d b6 20 14 92 6e 6c 68 49 75 06 ca 1a 54
41 56 59 f4 76 f3 e5 cd 89 b1 57 dd fa 44 32 67
ed bc dd 7f 5a 40 8c ec e1 de 69 ea f9 6b a9 ee
e1 a3 bc 1e b5 39 d4 b0 8a 3b 56 16 9a 80 7b 61
57 e2 c4 21 dd 1f 38 f8 44 94 52 b1 f0 28 e6 b0
33 99 0f 55 ac 1d 04 8a af 32 56 f6 af ae 80 32
63 b8 ea f3 78 4b dc 68 6e 78 09 c5 e4 dc 8b 64
d5 9a 4c 5c 34 4b 6c 31 35 7d e0 0a d3 46 95 09
c3 a5 d3 e2 75 41 c1 32 fa 75 94 ab 02 03 01 00
01 30 0d 06 09 2a 86 48 86 f7 0d 01 01 0b 05 00
03 82 01 01 00 83 95 0e 7e 20 fe 78 4a 5c a7 9e
88 5d ef 62 e8 6c fb a1 f4 8c e7 4d 28 17 94 68
9c a2 9d dc 7a 8e 21 ed 10 d1 68 c3 02 67 bb 7a
55 5e 21 f9 37 e9 94 61 c9 3b 58 78 02 74 7b ae
1d 16 74 5c 79 d7 de 6a d8 76 6c cc bf eb 21 24
cd ff 9c e7 c0 4c a7 09 9b c6 63 4f 0e dc 49 5b
b4 56 ba 8e eb 8d e9 01 b3 4e b7 8b 1e fa 85 63
74 6c b7 6c 91 b3 cd 50 5b 7d 4e 83 03 14 ae 1d
c3 6f 25 14 78 22 db 9d 07 be 71 7d d3 16 28 90
63 e4 52 b5 0b ef ad b3 50 6c 6f 19 d1 b9 3e 07
f2 5d 37 e4 86 ad ff ae 23 17 17 84 73 a0 1a 4d
21 fe 52 df f6 30 68 70 fb 0d d0 d6 0e df 58 d8
7b 42 59 c9 73 3b 5b 8b f7 06 1b d6 39 21 ee c2
6b 6b 8c 9b 6b ce 35 fe 39 fe bb 31 b3 fd 8c 29
7d 05 04 64 89 c6 4a b0 9c e3 cb 32 f6 a5 c1 a9
27 97 e3 7c 4a bd 6e af d3 92 eb 58 75 7b 7e 31
d4 f9 91 bc 75 0e 00 00 00 00 03 00 00 00 00 00
00 

<0.73.0>[ssl_record:decipher#388]
	"Plain =" <<2,0,0,77,0,1,0,0,0,0,0,77,254,253,89,53,16,170,237,173,185,
                    154,147,202,80,122,232,1,132,177,172,10,240,39,205,111,161,
                    196,138,11,172,52,163,106,229,118,32,22,41,219,43,15,50,
                    169,154,222,147,48,189,249,250,103,84,228,161,184,180,242,
                    78,64,36,29,105,25,145,151,204,149,147,0,60,0,0,5,255,1,0,
                    1,0,11,0,3,16,0,2,0,0,0,0,3,16,0,3,13,0,3,10,48,130,3,6,48,
                    130,1,238,2,9,0,175,120,102,152,145,248,107,211,48,13,6,9,
                    42,134,72,134,247,13,1,1,11,5,0,48,69,49,11,48,9,6,3,85,4,
                    6,19,2,65,85,49,19,48,17,6,3,85,4,8,12,10,83,111,109,101,
                    45,83,116,97,116,101,49,33,48,31,6,3,85,4,10,12,24,73,110,
                    116,101,114,110,101,116,32,87,105,100,103,105,116,115,32,
                    80,116,121,32,76,116,100,48,30,23,13,49,55,48,52,50,53,48,
                    53,53,50,53,55,90,23,13,50,55,48,52,50,51,48,53,53,50,53,
                    55,90,48,69,49,11,48,9,6,3,85,4,6,19,2,65,85,49,19,48,17,6,
                    3,85,4,8,12,10,83,111,109,101,45,83,116,97,116,101,49,33,
                    48,31,6,3,85,4,10,12,24,73,110,116,101,114,110,101,116,32,
                    87,105,100,103,105,116,115,32,80,116,121,32,76,116,100,48,
                    130,1,34,48,13,6,9,42,134,72,134,247,13,1,1,1,5,0,3,130,1,
                    15,0,48,130,1,10,2,130,1,1,0,175,149,116,106,187,197,3,161,
                    109,122,62,137,34,190,179,215,252,80,188,252,129,40,95,104,
                    162,86,51,240,52,8,225,44,22,230,162,141,176,63,120,244,
                    238,239,107,119,13,231,138,165,190,210,67,20,50,93,86,206,
                    177,197,33,167,118,251,62,249,102,102,67,225,195,197,28,
                    178,209,27,90,106,46,124,142,40,202,221,247,51,184,29,183,
                    194,127,119,94,24,146,139,41,166,255,31,250,155,57,136,109,
                    174,232,32,125,223,66,193,163,36,89,39,11,230,125,243,77,
                    182,32,20,146,110,108,104,73,117,6,202,26,84,65,86,89,244,
                    118,243,229,205,137,177,87,221,250,68,50,103,237,188,221,
                    127,90,64,140,236,225,222,105,234,249,107,169,238,225,163,
                    188,30,181,57,212,176,138,59,86,22,154,128,123,97,87,226,
                    196,33,221,31,56,248,68,148,82,177,240,40,230,176,51,153,
                    15,85,172,29,4,138,175,50,86,246,175,174,128,50,99,184,234,
                    243,120,75,220,104,110,120,9,197,228,220,139,100,213,154,
                    76,92,52,75,108,49,53,125,224,10,211,70,149,9,195,165,211,
                    226,117,65,193,50,250,117,148,171,2,3,1,0,1,48,13,6,9,42,
                    134,72,134,247,13,1,1,11,5,0,3,130,1,1,0,131,149,14,126,32,
                    254,120,74,92,167,158,136,93,239,98,232,108,251,161,244,
                    140,231,77,40,23,148,104,156,162,157,220,122,142,33,237,16,
                    209,104,195,2,103,187,122,85,94,33,249,55,233,148,97,201,
                    59,88,120,2,116,123,174,29,22,116,92,121,215,222,106,216,
                    118,108,204,191,235,33,36,205,255,156,231,192,76,167,9,155,
                    198,99,79,14,220,73,91,180,86,186,142,235,141,233,1,179,78,
                    183,139,30,250,133,99,116,108,183,108,145,179,205,80,91,
                    125,78,131,3,20,174,29,195,111,37,20,120,34,219,157,7,190,
                    113,125,211,22,40,144,99,228,82,181,11,239,173,179,80,108,
                    111,25,209,185,62,7,242,93,55,228,134,173,255,174,35,23,23,
                    132,115,160,26,77,33,254,82,223,246,48,104,112,251,13,208,
                    214,14,223,88,216,123,66,89,201,115,59,91,139,247,6,27,214,
                    57,33,238,194,107,107,140,155,107,206,53,254,57,254,187,49,
                    179,253,140,41,125,5,4,100,137,198,74,176,156,227,203,50,
                    246,165,193,169,39,151,227,124,74,189,110,175,211,146,235,
                    88,117,123,126,49,212,249,145,188,117,14,0,0,0,0,3,0,0,0,0,
                    0,0>>


<0.73.0>[ssl_record:decipher#389]
	<<>>
<0.73.0>[dtls_v1:mac_hash#42]
	{254,253} 0 undefined 1 22 897 <<2,0,0,77,0,1,0,0,0,0,0,77,254,253,89,
                                         53,16,170,237,173,185,154,147,202,80,
                                         122,232,1,132,177,172,10,240,39,205,
                                         111,161,196,138,11,172,52,163,106,229,
                                         118,32,22,41,219,43,15,50,169,154,222,
                                         147,48,189,249,250,103,84,228,161,184,
                                         180,242,78,64,36,29,105,25,145,151,
                                         204,149,147,0,60,0,0,5,255,1,0,1,0,11,
                                         0,3,16,0,2,0,0,0,0,3,16,0,3,13,0,3,10,
                                         48,130,3,6,48,130,1,238,2,9,0,175,120,
                                         102,152,145,248,107,211,48,13,6,9,42,
                                         134,72,134,247,13,1,1,11,5,0,48,69,49,
                                         11,48,9,6,3,85,4,6,19,2,65,85,49,19,
                                         48,17,6,3,85,4,8,12,10,83,111,109,101,
                                         45,83,116,97,116,101,49,33,48,31,6,3,
                                         85,4,10,12,24,73,110,116,101,114,110,
                                         101,116,32,87,105,100,103,105,116,115,
                                         32,80,116,121,32,76,116,100,48,30,23,
                                         13,49,55,48,52,50,53,48,53,53,50,53,
                                         55,90,23,13,50,55,48,52,50,51,48,53,
                                         53,50,53,55,90,48,69,49,11,48,9,6,3,
                                         85,4,6,19,2,65,85,49,19,48,17,6,3,85,
                                         4,8,12,10,83,111,109,101,45,83,116,97,
                                         116,101,49,33,48,31,6,3,85,4,10,12,24,
                                         73,110,116,101,114,110,101,116,32,87,
                                         105,100,103,105,116,115,32,80,116,121,
                                         32,76,116,100,48,130,1,34,48,13,6,9,
                                         42,134,72,134,247,13,1,1,1,5,0,3,130,
                                         1,15,0,48,130,1,10,2,130,1,1,0,175,
                                         149,116,106,187,197,3,161,109,122,62,
                                         137,34,190,179,215,252,80,188,252,129,
                                         40,95,104,162,86,51,240,52,8,225,44,
                                         22,230,162,141,176,63,120,244,238,239,
                                         107,119,13,231,138,165,190,210,67,20,
                                         50,93,86,206,177,197,33,167,118,251,
                                         62,249,102,102,67,225,195,197,28,178,
                                         209,27,90,106,46,124,142,40,202,221,
                                         247,51,184,29,183,194,127,119,94,24,
                                         146,139,41,166,255,31,250,155,57,136,
                                         109,174,232,32,125,223,66,193,163,36,
                                         89,39,11,230,125,243,77,182,32,20,146,
                                         110,108,104,73,117,6,202,26,84,65,86,
                                         89,244,118,243,229,205,137,177,87,221,
                                         250,68,50,103,237,188,221,127,90,64,
                                         140,236,225,222,105,234,249,107,169,
                                         238,225,163,188,30,181,57,212,176,138,
                                         59,86,22,154,128,123,97,87,226,196,33,
                                         221,31,56,248,68,148,82,177,240,40,
                                         230,176,51,153,15,85,172,29,4,138,175,
                                         50,86,246,175,174,128,50,99,184,234,
                                         243,120,75,220,104,110,120,9,197,228,
                                         220,139,100,213,154,76,92,52,75,108,
                                         49,53,125,224,10,211,70,149,9,195,165,
                                         211,226,117,65,193,50,250,117,148,171,
                                         2,3,1,0,1,48,13,6,9,42,134,72,134,247,
                                         13,1,1,11,5,0,3,130,1,1,0,131,149,14,
                                         126,32,254,120,74,92,167,158,136,93,
                                         239,98,232,108,251,161,244,140,231,77,
                                         40,23,148,104,156,162,157,220,122,142,
                                         33,237,16,209,104,195,2,103,187,122,
                                         85,94,33,249,55,233,148,97,201,59,88,
                                         120,2,116,123,174,29,22,116,92,121,
                                         215,222,106,216,118,108,204,191,235,
                                         33,36,205,255,156,231,192,76,167,9,
                                         155,198,99,79,14,220,73,91,180,86,186,
                                         142,235,141,233,1,179,78,183,139,30,
                                         250,133,99,116,108,183,108,145,179,
                                         205,80,91,125,78,131,3,20,174,29,195,
                                         111,37,20,120,34,219,157,7,190,113,
                                         125,211,22,40,144,99,228,82,181,11,
                                         239,173,179,80,108,111,25,209,185,62,
                                         7,242,93,55,228,134,173,255,174,35,23,
                                         23,132,115,160,26,77,33,254,82,223,
                                         246,48,104,112,251,13,208,214,14,223,
                                         88,216,123,66,89,201,115,59,91,139,
                                         247,6,27,214,57,33,238,194,107,107,
                                         140,155,107,206,53,254,57,254,187,49,
                                         179,253,140,41,125,5,4,100,137,198,74,
                                         176,156,227,203,50,246,165,193,169,39,
                                         151,227,124,74,189,110,175,211,146,
                                         235,88,117,123,126,49,212,249,145,188,
                                         117,14,0,0,0,0,3,0,0,0,0,0,0>>
<0.73.0>[ssl_record:uncompress#321]
	<<2,0,0,77,0,1,0,0,0,0,0,77,254,253,89,53,16,170,237,173,185,154,147,
          202,80,122,232,1,132,177,172,10,240,39,205,111,161,196,138,11,172,52,
          163,106,229,118,32,22,41,219,43,15,50,169,154,222,147,48,189,249,250,
          103,84,228,161,184,180,242,78,64,36,29,105,25,145,151,204,149,147,0,
          60,0,0,5,255,1,0,1,0,11,0,3,16,0,2,0,0,0,0,3,16,0,3,13,0,3,10,48,130,
          3,6,48,130,1,238,2,9,0,175,120,102,152,145,248,107,211,48,13,6,9,42,
          134,72,134,247,13,1,1,11,5,0,48,69,49,11,48,9,6,3,85,4,6,19,2,65,85,
          49,19,48,17,6,3,85,4,8,12,10,83,111,109,101,45,83,116,97,116,101,49,
          33,48,31,6,3,85,4,10,12,24,73,110,116,101,114,110,101,116,32,87,105,
          100,103,105,116,115,32,80,116,121,32,76,116,100,48,30,23,13,49,55,48,
          52,50,53,48,53,53,50,53,55,90,23,13,50,55,48,52,50,51,48,53,53,50,53,
          55,90,48,69,49,11,48,9,6,3,85,4,6,19,2,65,85,49,19,48,17,6,3,85,4,8,
          12,10,83,111,109,101,45,83,116,97,116,101,49,33,48,31,6,3,85,4,10,12,
          24,73,110,116,101,114,110,101,116,32,87,105,100,103,105,116,115,32,
          80,116,121,32,76,116,100,48,130,1,34,48,13,6,9,42,134,72,134,247,13,
          1,1,1,5,0,3,130,1,15,0,48,130,1,10,2,130,1,1,0,175,149,116,106,187,
          197,3,161,109,122,62,137,34,190,179,215,252,80,188,252,129,40,95,104,
          162,86,51,240,52,8,225,44,22,230,162,141,176,63,120,244,238,239,107,
          119,13,231,138,165,190,210,67,20,50,93,86,206,177,197,33,167,118,251,
          62,249,102,102,67,225,195,197,28,178,209,27,90,106,46,124,142,40,202,
          221,247,51,184,29,183,194,127,119,94,24,146,139,41,166,255,31,250,
          155,57,136,109,174,232,32,125,223,66,193,163,36,89,39,11,230,125,243,
          77,182,32,20,146,110,108,104,73,117,6,202,26,84,65,86,89,244,118,243,
          229,205,137,177,87,221,250,68,50,103,237,188,221,127,90,64,140,236,
          225,222,105,234,249,107,169,238,225,163,188,30,181,57,212,176,138,59,
          86,22,154,128,123,97,87,226,196,33,221,31,56,248,68,148,82,177,240,
          40,230,176,51,153,15,85,172,29,4,138,175,50,86,246,175,174,128,50,99,
          184,234,243,120,75,220,104,110,120,9,197,228,220,139,100,213,154,76,
          92,52,75,108,49,53,125,224,10,211,70,149,9,195,165,211,226,117,65,
          193,50,250,117,148,171,2,3,1,0,1,48,13,6,9,42,134,72,134,247,13,1,1,
          11,5,0,3,130,1,1,0,131,149,14,126,32,254,120,74,92,167,158,136,93,
          239,98,232,108,251,161,244,140,231,77,40,23,148,104,156,162,157,220,
          122,142,33,237,16,209,104,195,2,103,187,122,85,94,33,249,55,233,148,
          97,201,59,88,120,2,116,123,174,29,22,116,92,121,215,222,106,216,118,
          108,204,191,235,33,36,205,255,156,231,192,76,167,9,155,198,99,79,14,
          220,73,91,180,86,186,142,235,141,233,1,179,78,183,139,30,250,133,99,
          116,108,183,108,145,179,205,80,91,125,78,131,3,20,174,29,195,111,37,
          20,120,34,219,157,7,190,113,125,211,22,40,144,99,228,82,181,11,239,
          173,179,80,108,111,25,209,185,62,7,242,93,55,228,134,173,255,174,35,
          23,23,132,115,160,26,77,33,254,82,223,246,48,104,112,251,13,208,214,
          14,223,88,216,123,66,89,201,115,59,91,139,247,6,27,214,57,33,238,194,
          107,107,140,155,107,206,53,254,57,254,187,49,179,253,140,41,125,5,4,
          100,137,198,74,176,156,227,203,50,246,165,193,169,39,151,227,124,74,
          189,110,175,211,146,235,88,117,123,126,49,212,249,145,188,117,14,0,0,
          0,0,3,0,0,0,0,0,0>>
<0.73.0>[ssl_connection:hello#444]
	internal {protocol_record,
                     {ssl_tls,22,
                         {254,253},
                         <<2,0,0,77,0,1,0,0,0,0,0,77,254,253,89,53,16,170,237,
                           173,185,154,147,202,80,122,232,1,132,177,172,10,240,
                           39,205,111,161,196,138,11,172,52,163,106,229,118,32,
                           22,41,219,43,15,50,169,154,222,147,48,189,249,250,
                           103,84,228,161,184,180,242,78,64,36,29,105,25,145,
                           151,204,149,147,0,60,0,0,5,255,1,0,1,0,11,0,3,16,0,
                           2,0,0,0,0,3,16,0,3,13,0,3,10,48,130,3,6,48,130,1,
                           238,2,9,0,175,120,102,152,145,248,107,211,48,13,6,9,
                           42,134,72,134,247,13,1,1,11,5,0,48,69,49,11,48,9,6,
                           3,85,4,6,19,2,65,85,49,19,48,17,6,3,85,4,8,12,10,83,
                           111,109,101,45,83,116,97,116,101,49,33,48,31,6,3,85,
                           4,10,12,24,73,110,116,101,114,110,101,116,32,87,105,
                           100,103,105,116,115,32,80,116,121,32,76,116,100,48,
                           30,23,13,49,55,48,52,50,53,48,53,53,50,53,55,90,23,
                           13,50,55,48,52,50,51,48,53,53,50,53,55,90,48,69,49,
                           11,48,9,6,3,85,4,6,19,2,65,85,49,19,48,17,6,3,85,4,
                           8,12,10,83,111,109,101,45,83,116,97,116,101,49,33,
                           48,31,6,3,85,4,10,12,24,73,110,116,101,114,110,101,
                           116,32,87,105,100,103,105,116,115,32,80,116,121,32,
                           76,116,100,48,130,1,34,48,13,6,9,42,134,72,134,247,
                           13,1,1,1,5,0,3,130,1,15,0,48,130,1,10,2,130,1,1,0,
                           175,149,116,106,187,197,3,161,109,122,62,137,34,190,
                           179,215,252,80,188,252,129,40,95,104,162,86,51,240,
                           52,8,225,44,22,230,162,141,176,63,120,244,238,239,
                           107,119,13,231,138,165,190,210,67,20,50,93,86,206,
                           177,197,33,167,118,251,62,249,102,102,67,225,195,
                           197,28,178,209,27,90,106,46,124,142,40,202,221,247,
                           51,184,29,183,194,127,119,94,24,146,139,41,166,255,
                           31,250,155,57,136,109,174,232,32,125,223,66,193,163,
                           36,89,39,11,230,125,243,77,182,32,20,146,110,108,
                           104,73,117,6,202,26,84,65,86,89,244,118,243,229,205,
                           137,177,87,221,250,68,50,103,237,188,221,127,90,64,
                           140,236,225,222,105,234,249,107,169,238,225,163,188,
                           30,181,57,212,176,138,59,86,22,154,128,123,97,87,
                           226,196,33,221,31,56,248,68,148,82,177,240,40,230,
                           176,51,153,15,85,172,29,4,138,175,50,86,246,175,174,
                           128,50,99,184,234,243,120,75,220,104,110,120,9,197,
                           228,220,139,100,213,154,76,92,52,75,108,49,53,125,
                           224,10,211,70,149,9,195,165,211,226,117,65,193,50,
                           250,117,148,171,2,3,1,0,1,48,13,6,9,42,134,72,134,
                           247,13,1,1,11,5,0,3,130,1,1,0,131,149,14,126,32,254,
                           120,74,92,167,158,136,93,239,98,232,108,251,161,244,
                           140,231,77,40,23,148,104,156,162,157,220,122,142,33,
                           237,16,209,104,195,2,103,187,122,85,94,33,249,55,
                           233,148,97,201,59,88,120,2,116,123,174,29,22,116,92,
                           121,215,222,106,216,118,108,204,191,235,33,36,205,
                           255,156,231,192,76,167,9,155,198,99,79,14,220,73,91,
                           180,86,186,142,235,141,233,1,179,78,183,139,30,250,
                           133,99,116,108,183,108,145,179,205,80,91,125,78,131,
                           3,20,174,29,195,111,37,20,120,34,219,157,7,190,113,
                           125,211,22,40,144,99,228,82,181,11,239,173,179,80,
                           108,111,25,209,185,62,7,242,93,55,228,134,173,255,
                           174,35,23,23,132,115,160,26,77,33,254,82,223,246,48,
                           104,112,251,13,208,214,14,223,88,216,123,66,89,201,
                           115,59,91,139,247,6,27,214,57,33,238,194,107,107,
                           140,155,107,206,53,254,57,254,187,49,179,253,140,41,
                           125,5,4,100,137,198,74,176,156,227,203,50,246,165,
                           193,169,39,151,227,124,74,189,110,175,211,146,235,
                           88,117,123,126,49,212,249,145,188,117,14,0,0,0,0,3,
                           0,0,0,0,0,0>>,
                         0,1}} dtls_connection
<0.73.0>[ssl_connection:hello#445]
	#{data_tag => udp,error_tag => udp_error,
          flight_buffer =>
              #{change_cipher_spec => undefined,
                handshakes =>
                    [[1,
                      <<0,0,64>>,
                      <<0,1>>,
                      <<0,0,0>>,
                      <<0,0,64>>,
                      <<254,253,89,53,16,170,215,80,184,111,14,173,255,60,
                        192,71,92,241,175,154,95,251,209,237,84,170,191,192,
                        193,102,58,196,32,78,0,20,206,47,212,196,66,8,47,95,
                        180,75,15,160,84,182,208,252,193,133,181,32,0,4,0,
                        255,0,60,1,0>>]],
                handshakes_after_change_cipher_spec => [],next_sequence => 2},
          hashsign_algorithm => {undefined,undefined},
          key_algorithm => undefined,negotiated_protocol => undefined,
          protocol_buffers => {protocol_buffers,<<>>,1,undefined,[],[],[]},
          protocol_cb => dtls_connection,role => client,
          transport_cb => gen_udp,unprocessed_handshake_events => 0,
          user_data_buffer => <<>>}
<0.73.0>[ssl_connection:handle_common_event#971]
<0.73.0>[ssl_handshake:decode_handshake#1102]
<0.73.0>[ssl_handshake:decode_hello_extensions#1170]
<0.73.0>[ssl_handshake:dec_hello_extensions#2262]
<0.73.0>[ssl_handshake:dec_hello_extensions#2250]
<0.73.0>[ssl_handshake:decode_handshake#1115]
<0.73.0>[ssl_handshake:decode_handshake#1138]
<0.73.0>[ssl_connection:hello#444]
	internal {handshake,
                     {{server_hello,
                          {254,253},
                          <<89,53,16,170,237,173,185,154,147,202,80,122,232,1,
                            132,177,172,10,240,39,205,111,161,196,138,11,172,
                            52,163,106,229,118>>,
                          <<22,41,219,43,15,50,169,154,222,147,48,189,249,250,
                            103,84,228,161,184,180,242,78,64,36,29,105,25,145,
                            151,204,149,147>>,
                          <<0,60>>,
                          0,
                          {hello_extensions,
                              {renegotiation_info,<<0>>},
                              undefined,undefined,undefined,undefined,
                              undefined,undefined,undefined}},
                      <<2,0,0,77,0,1,0,0,0,0,0,77,254,253,89,53,16,170,237,
                        173,185,154,147,202,80,122,232,1,132,177,172,10,240,
                        39,205,111,161,196,138,11,172,52,163,106,229,118,32,
                        22,41,219,43,15,50,169,154,222,147,48,189,249,250,
                        103,84,228,161,184,180,242,78,64,36,29,105,25,145,
                        151,204,149,147,0,60,0,0,5,255,1,0,1,0>>}} dtls_connection
<0.73.0>[ssl_connection:hello#445]
	#{data_tag => udp,error_tag => udp_error,
          flight_buffer =>
              #{change_cipher_spec => undefined,
                handshakes =>
                    [[1,
                      <<0,0,64>>,
                      <<0,1>>,
                      <<0,0,0>>,
                      <<0,0,64>>,
                      <<254,253,89,53,16,170,215,80,184,111,14,173,255,60,
                        192,71,92,241,175,154,95,251,209,237,84,170,191,192,
                        193,102,58,196,32,78,0,20,206,47,212,196,66,8,47,95,
                        180,75,15,160,84,182,208,252,193,133,181,32,0,4,0,
                        255,0,60,1,0>>]],
                handshakes_after_change_cipher_spec => [],next_sequence => 2},
          hashsign_algorithm => {undefined,undefined},
          key_algorithm => undefined,negotiated_protocol => undefined,
          protocol_buffers => {protocol_buffers,<<>>,4,undefined,[],[],[]},
          protocol_cb => dtls_connection,role => client,
          transport_cb => gen_udp,unprocessed_handshake_events => 2,
          user_data_buffer => <<>>}
<0.73.0>[ssl_connection:handle_common_event#960]
<0.73.0>[ssl_connection:handle_sni_extension#2835]
<0.73.0>[ssl_handshake:update_handshake_history#520]
<0.73.0>[ssl_handshake:handle_server_hello_extensions#1471]
<0.73.0>[ssl_handshake:handle_renegotiation_extension#2006]
<0.73.0>[ssl_handshake:handle_renegotiation_info#1576]
<0.73.0>[ssl_handshake:handle_renegotiation_extension#2011]
<0.73.0>[ssl_handshake:hello_pending_connection_states#2029]
<0.73.0>[ssl_handshake:hello_security_parameters#2049]
<0.73.0>[ssl_cipher:security_parameters#88]
<0.73.0>[ssl_handshake:hello_security_parameters#2049]
<0.73.0>[ssl_cipher:security_parameters#88]
<0.73.0>[ssl_handshake:decode_alpn#1053]
<0.73.0>[ssl_handshake:handle_server_hello_extensions#1491]
<0.73.0>[ssl_connection:handle_session#322]
<0.73.0>[ssl_connection:make_premaster_secret#2455]
<0.73.0>[ssl_connection:handle_session#330]
<0.73.0>[ssl_connection:handle_session#346]
<0.73.0>[ssl_connection:handle_new_session#2425]
<0.73.0>[ssl_connection:certify#760]
<0.73.0>[ssl_connection:handle_common_event#960]
<0.73.0>[ssl_connection:handle_sni_extension#2835]
<0.73.0>[ssl_handshake:update_handshake_history#520]
<0.73.0>[ssl_connection:certify#579]
<0.73.0>[ssl_handshake:certify#444]
<0.73.0>[ssl_handshake:validation_fun_and_state#1780]
<0.73.0>[ssl_handshake:validation_fun_and_state#1799]
<0.73.0>[ssl_handshake:apply_user_fun#1851]
<0.73.0>[ssl_handshake:apply_user_fun#1854]
<0.73.0>[ssl_handshake:certify#457]
<0.73.0>[ssl_connection:certify#589]
<0.73.0>[ssl_connection:handle_peer_cert#1476]
<0.73.0>[ssl_connection:handle_peer_cert_key#1506]
<0.73.0>[ssl_connection:certify#760]
<0.73.0>[ssl_connection:handle_common_event#960]
<0.73.0>[ssl_connection:handle_sni_extension#2835]
<0.73.0>[ssl_handshake:update_handshake_history#520]
<0.73.0>[ssl_connection:certify#724]
<0.73.0>[ssl_handshake:master_secret#820]
	#{bulk_cipher_algorithm => 7,
          cipher_suite => <<0,60>>,
          cipher_type => 1,
          client_random =>
              <<89,53,16,170,215,80,184,111,14,173,255,60,192,71,92,241,175,
                154,95,251,209,237,84,170,191,192,193,102,58,196,32,78>>,
          compression_algorithm => 0,connection_end => 1,
          expanded_key_material_length => unknown,exportable => undefined,
          hash_size => 32,iv_size => 16,key_material_length => 16,
          key_size => 128,mac_algorithm => 4,master_secret => undefined,
          prf_algorithm => 4,
          server_random =>
              <<89,53,16,170,237,173,185,154,147,202,80,122,232,1,132,177,172,
                10,240,39,205,111,161,196,138,11,172,52,163,106,229,118>>}
<0.73.0>[ssl_handshake:calc_master_secret#2000]
<0.73.0>[ssl_handshake:master_secret#1959]
	"MasterSecret =" <<81,17,17,58,203,29,46,19,201,188,75,222,205,195,251,
                           221,55,39,181,163,140,60,145,86,94,199,232,236,70,
                           46,98,70,20,236,159,133,234,166,102,70,201,182,218,
                           65,204,28,171,216>>
<0.73.0>[ssl_handshake:setup_keys#1991]
<0.73.0>[tls_v1:setup_keys#175]
	"Version =" 3
<0.73.0>[tls_v1:setup_keys#176]
	"PrfAlgo =" 4
<0.73.0>[tls_v1:setup_keys#177]
	"MasterSecret =" <<81,17,17,58,203,29,46,19,201,188,75,222,205,195,251,
                           221,55,39,181,163,140,60,145,86,94,199,232,236,70,
                           46,98,70,20,236,159,133,234,166,102,70,201,182,218,
                           65,204,28,171,216>>
<0.73.0>[tls_v1:setup_keys#178]
	"ServerRandom =" <<89,53,16,170,237,173,185,154,147,202,80,122,232,1,
                           132,177,172,10,240,39,205,111,161,196,138,11,172,52,
                           163,106,229,118>>
<0.73.0>[tls_v1:setup_keys#179]
	"ClientRandom =" <<89,53,16,170,215,80,184,111,14,173,255,60,192,71,92,
                           241,175,154,95,251,209,237,84,170,191,192,193,102,
                           58,196,32,78>>
<0.73.0>[tls_v1:setup_keys#180]
	"HashSize =" 32
<0.73.0>[tls_v1:setup_keys#181]
	"KeyMatLen =" 16
<0.73.0>[tls_v1:setup_keys#182]
	"IVSize =" 16
<0.73.0>[ssl_handshake:master_secret#1965]
	"ClientWriteMacSecret =" <<109,69,107,126,110,69,195,73,101,129,150,
                                   250,183,230,17,235,38,216,136,202,5,50,81,
                                   196,11,66,212,80,13,40,119,46>>
<0.73.0>[ssl_handshake:master_secret#1966]
	"ServerWriteMacSecret =" <<123,149,227,106,78,152,184,16,227,137,229,
                                   181,214,245,192,226,82,63,188,166,216,87,28,
                                   122,119,72,109,136,59,204,38,205>>
<0.73.0>[ssl_handshake:master_secret#1967]
	"ClientWriteKey       =" <<158,130,154,255,110,106,103,75,105,110,25,3,
                                   209,53,111,37>>
<0.73.0>[ssl_handshake:master_secret#1968]
	"ServerWriteKey       =" <<10,233,227,248,14,21,90,99,197,239,72,58,
                                   167,228,153,191>>
<0.73.0>[ssl_handshake:master_secret#1969]
	"ClientIV             =" <<23,127,102,44,235,225,118,143,123,117,40,17,
                                   209,74,20,47>>
<0.73.0>[ssl_handshake:master_secret#1970]
	"ServerIV             =" <<142,215,46,143,218,109,162,166,147,194,107,
                                   191,64,129,177,57>>
<0.73.0>[ssl_cipher:cipher_init#116]
	bca iv <<23,127,102,44,235,225,118,143,123,117,40,17,209,74,20,47>>
<0.73.0>[ssl_cipher:cipher_init#116]
	bca iv <<142,215,46,143,218,109,162,166,147,194,107,191,64,129,177,57>>
<0.73.0>[ssl_connection:certify#728]
<0.73.0>[ssl_connection:client_certify_and_key_exchange#1549]
<0.73.0>[ssl_connection:do_client_certify_and_key_exchange#1566]
<0.73.0>[ssl_connection:certify_client#1519]
<0.73.0>[ssl_connection:key_exchange#1822]
<0.73.0>[ssl_connection:rsa_key_exchange#1902]
<0.73.0>[ssl_handshake:key_exchange#260]
<0.73.0>[ssl_handshake:encrypted_premaster_secret#1896]
<0.73.0>[ssl_handshake:encode_handshake#896]
<0.73.0>[ssl_handshake:encode_client_key#2109]
<0.73.0>[ssl_handshake:update_handshake_history#520]
<0.73.0>[ssl_connection:verify_client_cert#1544]
<0.73.0>[ssl_connection:client_certify_and_key_exchange#1552]
<0.73.0>[ssl_connection:finalize_handshake#1974]
<0.73.0>[ssl_connection:cipher_protocol#2001]
<0.73.0>[ssl_record:activate_pending_connection_state#119]
<0.73.0>[ssl_connection:next_protocol#1990]
<0.73.0>[ssl_connection:finished#2008]
<0.73.0>[ssl_connection:get_current_prf#2183]
<0.73.0>[ssl_handshake:calc_finished#1945]
<0.73.0>[ssl_connection:save_verify_data#2018]
<0.73.0>[ssl_handshake:encode_handshake#903]
	<<147,184,74,68,131,49,131,141,111,81,4,67>>
<0.73.0>[ssl_handshake:update_handshake_history#520]
<0.73.0>[ssl_record:compress#325]
	[[<<16,0,1,2,0,2,0,0,0,0,1,2,1,0,128,203,0,226,78,178,100,46,6,86,
            225,67,209,127,15,150,45,46,53,123,181,176,15,232,98,9,247,166,
            154,172,73,134,77,132,206,213,211,205,141,82,145,154,211,125,255,
            186,186,186,40,247,252,7,165,113,68,179,255,233,68,202,197,63,
            110,219,151,242,30,137,191,27,215,151,108,159,5,8,35,186,163,206,
            128,238,81,128,134,206,190,87,57,125,122,105,235,137,213,66,135,
            217,235,232,189,5,253,113,147,160,194,83,82,76,59,43,5,167,211,
            237,151,119,78,55,221,232,249,61,61,5,3,212,214,12,69,173,50,238,
            103,31,37,150,216,13,47,96,53,210,217,179,6,83,33,71,141,86,125,
            242,131,68,78,113,250,28,239,232,31,222,70,79,125,245,249,126,
            181,186,25,167,232,225,100,233,103,137,215,119,65,64,152,183,97,
            100,241,151,239,79,88,97,75,147,21,44,125,33,87,207,227,91,226,
            239,90,174,104,83,48,93,112,113,5,81,167,147,209,48,152,254,60,
            161,164,220,238,189,225,127,16,15,121,252,215,78,177,192,3,62,
            254,24,143,58,21,83,177,37,197,178,93,57,159,154,171,15>>]]
<0.73.0>[dtls_v1:mac_hash#42]
	{254,253} 0 undefined 2 22 270 [[<<16,0,1,2,0,2,0,0,0,0,1,2,1,0,128,
                                           203,0,226,78,178,100,46,6,86,225,
                                           67,209,127,15,150,45,46,53,123,
                                           181,176,15,232,98,9,247,166,154,
                                           172,73,134,77,132,206,213,211,205,
                                           141,82,145,154,211,125,255,186,
                                           186,186,40,247,252,7,165,113,68,
                                           179,255,233,68,202,197,63,110,219,
                                           151,242,30,137,191,27,215,151,108,
                                           159,5,8,35,186,163,206,128,238,81,
                                           128,134,206,190,87,57,125,122,105,
                                           235,137,213,66,135,217,235,232,
                                           189,5,253,113,147,160,194,83,82,
                                           76,59,43,5,167,211,237,151,119,78,
                                           55,221,232,249,61,61,5,3,212,214,
                                           12,69,173,50,238,103,31,37,150,
                                           216,13,47,96,53,210,217,179,6,83,
                                           33,71,141,86,125,242,131,68,78,
                                           113,250,28,239,232,31,222,70,79,
                                           125,245,249,126,181,186,25,167,
                                           232,225,100,233,103,137,215,119,
                                           65,64,152,183,97,100,241,151,239,
                                           79,88,97,75,147,21,44,125,33,87,
                                           207,227,91,226,239,90,174,104,83,
                                           48,93,112,113,5,81,167,147,209,48,
                                           152,254,60,161,164,220,238,189,
                                           225,127,16,15,121,252,215,78,177,
                                           192,3,62,254,24,143,58,21,83,177,
                                           37,197,178,93,57,159,154,171,15>>]]
<0.73.0>[ssl_record:cipher#349]
	[[<<16,0,1,2,0,2,0,0,0,0,1,2,1,0,128,203,0,226,78,178,100,46,6,86,
            225,67,209,127,15,150,45,46,53,123,181,176,15,232,98,9,247,166,
            154,172,73,134,77,132,206,213,211,205,141,82,145,154,211,125,255,
            186,186,186,40,247,252,7,165,113,68,179,255,233,68,202,197,63,
            110,219,151,242,30,137,191,27,215,151,108,159,5,8,35,186,163,206,
            128,238,81,128,134,206,190,87,57,125,122,105,235,137,213,66,135,
            217,235,232,189,5,253,113,147,160,194,83,82,76,59,43,5,167,211,
            237,151,119,78,55,221,232,249,61,61,5,3,212,214,12,69,173,50,238,
            103,31,37,150,216,13,47,96,53,210,217,179,6,83,33,71,141,86,125,
            242,131,68,78,113,250,28,239,232,31,222,70,79,125,245,249,126,
            181,186,25,167,232,225,100,233,103,137,215,119,65,64,152,183,97,
            100,241,151,239,79,88,97,75,147,21,44,125,33,87,207,227,91,226,
            239,90,174,104,83,48,93,112,113,5,81,167,147,209,48,152,254,60,
            161,164,220,238,189,225,127,16,15,121,252,215,78,177,192,3,62,
            254,24,143,58,21,83,177,37,197,178,93,57,159,154,171,15>>]]
<0.73.0>[ssl_cipher:cipher#129]
	null
<0.73.0>[ssl_record:compress#325]
	<<1>>
<0.73.0>[dtls_v1:mac_hash#42]
	{254,253} 0 undefined 3 20 1 <<1>>
<0.73.0>[ssl_record:cipher#349]
	<<1>>
<0.73.0>[ssl_cipher:cipher#129]
	null
<0.73.0>[ssl_record:compress#325]
	[[<<20,0,0,12,0,3,0,0,0,0,0,12,147,184,74,68,131,49,131,141,111,81,4,
            67>>]]
<0.73.0>[dtls_v1:mac_hash#42]
	{254,253} 4 <<109,69,107,126,110,69,195,73,101,129,150,250,183,230,17,
                      235,38,216,136,202,5,50,81,196,11,66,212,80,13,40,119,46>> 281474976710656 22 24 [[<<20,0,0,
                                                                                                           12,0,3,
                                                                                                           0,0,0,0,
                                                                                                           0,12,
                                                                                                           147,184,
                                                                                                           74,68,
                                                                                                           131,49,
                                                                                                           131,141,
                                                                                                           111,81,
                                                                                                           4,67>>]]
<0.73.0>[ssl_record:cipher#349]
	[[<<20,0,0,12,0,3,0,0,0,0,0,12,147,184,74,68,131,49,131,141,111,81,4,
            67>>]]
<0.73.0>[ssl_cipher:cipher#158]
	aes_cbc [[<<20,0,0,12,0,3,0,0,0,0,0,12,147,184,74,68,131,49,131,141,
                    111,81,4,67>>]]
<0.73.0>[ssl_cipher:block_cipher#228]
	#{fragment =>
              [[<<20,0,0,12,0,3,0,0,0,0,0,12,147,184,74,68,131,49,131,141,
                  111,81,4,67>>]],
          iv => <<23,127,102,44,235,225,118,143,123,117,40,17,209,74,20,47>>,
          key => <<158,130,154,255,110,106,103,75,105,110,25,3,209,53,111,37>>,
          mac =>
              <<98,225,85,247,206,140,2,221,29,149,65,30,90,75,138,41,36,147,
                24,254,28,196,204,245,48,42,30,100,113,187,237,2>>}
<0.73.0>[ssl_cipher:random_iv#1897]
	">>>>>>>>>>>>>>>> next random iv <<<<<<<<<<<<<<<<"
<0.73.0>[ssl_cipher:random_iv#1899]
	from <<23,127,102,44,235,225,118,143,123,117,40,17,209,74,20,47>>
<0.73.0>[ssl_cipher:random_iv#1901]
	to <<17,154,30,164,128,99,73,251,13,6,219,102,99,209,112,65>>
<0.73.0>[ssl_cipher:build_cipher_block#206]
	#{block_size => 16,
          fragment =>
              [[<<20,0,0,12,0,3,0,0,0,0,0,12,147,184,74,68,131,49,131,141,
                  111,81,4,67>>]],
          mac =>
              <<98,225,85,247,206,140,2,221,29,149,65,30,90,75,138,41,36,147,
                24,254,28,196,204,245,48,42,30,100,113,187,237,2>>}
<0.73.0>[ssl_cipher:get_padding#1885]
<0.73.0>[ssl_cipher:get_padding_aux#1892]
<0.73.0>[ssl_cipher:cipher#160]
	#{iv => <<23,127,102,44,235,225,118,143,123,117,40,17,209,74,20,47>>,
          key => <<158,130,154,255,110,106,103,75,105,110,25,3,209,53,111,37>>,
          text =>
              [<<17,154,30,164,128,99,73,251,13,6,219,102,99,209,112,65>>,
               [[<<20,0,0,12,0,3,0,0,0,0,0,12,147,184,74,68,131,49,131,141,
                   111,81,4,67>>]],
               <<98,225,85,247,206,140,2,221,29,149,65,30,90,75,138,41,36,147,
                 24,254,28,196,204,245,48,42,30,100,113,187,237,2>>,
               7,
               <<7,7,7,7,7,7,7>>]}
01 

<0.73.0>[ssl_record:decipher#385]
	"Encrypted =" <<1>>
<0.73.0>[ssl_cipher:decipher#251]
	null
01 

<0.73.0>[ssl_record:decipher#388]
	"Plain =" <<1>>


<0.73.0>[ssl_record:decipher#389]
	<<>>
<0.73.0>[dtls_v1:mac_hash#42]
	{254,253} 0 undefined 2 20 1 <<1>>
<0.73.0>[ssl_record:uncompress#321]
	<<1>>
<0.73.0>[ssl_connection:cipher#854]
<0.73.0>[ssl_connection:handle_common_event#971]
<0.73.0>[ssl_connection:cipher#847]
<0.73.0>[ssl_record:activate_pending_connection_state#104]
5d 0a be 98 80 70 a5 ea 66 8d 17 c2 46 f9 e0 d0
df a9 28 e7 0c ab 40 19 04 9b 84 6b 76 28 50 2c
ca 90 10 84 5d 88 57 81 d2 c3 95 db 79 e5 4a a2
2c 9f 06 0a 1a 48 50 28 86 bc 98 39 54 9d 16 2f
39 d1 46 da a3 8c 61 59 29 7a c0 88 63 ba 89 3d


<0.73.0>[ssl_record:decipher#385]
	"Encrypted =" <<93,10,190,152,128,112,165,234,102,141,23,194,70,249,
                        224,208,223,169,40,231,12,171,64,25,4,155,132,107,118,
                        40,80,44,202,144,16,132,93,136,87,129,210,195,149,219,
                        121,229,74,162,44,159,6,10,26,72,80,40,134,188,152,57,
                        84,157,22,47,57,209,70,218,163,140,97,89,41,122,192,
                        136,99,186,137,61>>
<0.73.0>[ssl_cipher:decipher#288]
	aes_cbc
8e d7 2e 8f da 6d a2 a6 93 c2 6b bf 40 81 b1 39


<0.73.0>[ssl_cipher:block_decipher#322]
	#{fragment =>
              <<93,10,190,152,128,112,165,234,102,141,23,194,70,249,224,208,
                223,169,40,231,12,171,64,25,4,155,132,107,118,40,80,44,202,144,
                16,132,93,136,87,129,210,195,149,219,121,229,74,162,44,159,6,
                10,26,72,80,40,134,188,152,57,84,157,22,47,57,209,70,218,163,
                140,97,89,41,122,192,136,99,186,137,61>>,
          iv =>
              <<142,215,46,143,218,109,162,166,147,194,107,191,64,129,177,57>>,
          key => <<10,233,227,248,14,21,90,99,197,239,72,58,167,228,153,191>>}
<0.73.0>[ssl_cipher:decipher#290]
	#{iv =>
              <<142,215,46,143,218,109,162,166,147,194,107,191,64,129,177,57>>,
          key => <<10,233,227,248,14,21,90,99,197,239,72,58,167,228,153,191>>,
          t =>
              <<93,10,190,152,128,112,165,234,102,141,23,194,70,249,224,208,
                223,169,40,231,12,171,64,25,4,155,132,107,118,40,80,44,202,
                144,16,132,93,136,87,129,210,195,149,219,121,229,74,162,44,
                159,6,10,26,72,80,40,134,188,152,57,84,157,22,47,57,209,70,
                218,163,140,97,89,41,122,192,136,99,186,137,61>>}
<0.73.0>[ssl_cipher:next_iv#1905]
	">>>>>>>>>>>>>>>> next iv <<<<<<<<<<<<<<<<"
"from" <<142,215,46,143,218,109,162,166,147,194,107,191,64,129,177,57>>
"to" <<57,209,70,218,163,140,97,89,41,122,192,136,99,186,137,61>>
<0.73.0>[ssl_cipher:generic_block_cipher_from_bin#1847]
	"Decrepted = " <<80,243,88,202,133,3,91,49,11,158,245,174,161,139,49,
                         165,20,0,0,12,0,4,0,0,0,0,0,12,93,109,4,39,101,120,
                         188,57,113,149,7,134,130,255,189,78,155,79,99,13,131,
                         81,229,225,100,206,35,44,234,135,68,218,209,104,251,
                         23,199,15,239,93,3,46,121,197,7,7,7,7,7,7,7,7>>
<0.73.0>[ssl_cipher:is_correct_padding#1880]
14 00 00 0c 00 04 00 00 00 00 00 0c 5d 6d 04 27
65 78 bc 39 71 95 07 86 

<0.73.0>[ssl_record:decipher#388]
	"Plain =" <<20,0,0,12,0,4,0,0,0,0,0,12,93,109,4,39,101,120,188,57,113,
                    149,7,134>>
82 ff bd 4e 9b 4f 63 0d 83 51 e5 e1 64 ce 23 2c
ea 87 44 da d1 68 fb 17 c7 0f ef 5d 03 2e 79 c5


<0.73.0>[ssl_record:decipher#389]
	<<130,255,189,78,155,79,99,13,131,81,229,225,100,206,35,44,234,135,68,
          218,209,104,251,23,199,15,239,93,3,46,121,197>>
<0.73.0>[dtls_v1:mac_hash#42]
	{254,253} 4 <<123,149,227,106,78,152,184,16,227,137,229,181,214,245,
                      192,226,82,63,188,166,216,87,28,122,119,72,109,136,59,
                      204,38,205>> 281474976710656 22 24 <<20,0,0,12,0,4,0,0,0,
                                                           0,0,12,93,109,4,39,
                                                           101,120,188,57,113,
                                                           149,7,134>>
<0.73.0>[ssl_record:uncompress#321]
	<<20,0,0,12,0,4,0,0,0,0,0,12,93,109,4,39,101,120,188,57,113,149,7,134>>
<0.73.0>[ssl_connection:cipher#854]
<0.73.0>[ssl_connection:handle_common_event#971]
<0.73.0>[ssl_handshake:decode_handshake#1152]
<0.73.0>[ssl_connection:cipher#854]
<0.73.0>[ssl_connection:handle_common_event#960]
<0.73.0>[ssl_connection:handle_sni_extension#2835]
<0.73.0>[ssl_handshake:update_handshake_history#520]
<0.73.0>[ssl_connection:cipher#820]
<0.73.0>[ssl_connection:opposite_role#2192]
<0.73.0>[ssl_connection:get_current_prf#2183]
<0.73.0>[ssl_handshake:verify_connection#479]
<0.73.0>[ssl_handshake:calc_finished#1945]
<0.73.0>[ssl_handshake:verify_connection#483]
<0.73.0>[ssl_connection:cipher#826]
<0.73.0>[ssl_connection:register_session#2409]
<0.73.0>[ssl_connection:cipher_role#2152]
<0.73.0>[ssl_connection:prepare_connection#2375]
<0.73.0>[ssl_handshake:init_handshake_history#497]
<0.73.0>[ssl_connection:ack_connection#2391]
<0.3.0>[ssl:controlling_process#328]
	<0.73.0> <0.75.0>
<0.73.0>[ssl_connection:cancel_timer#2401]
<0.3.0>[ssl_connection:new_user#244]
<0.73.0>[ssl_connection:hibernate_after#2314]
<0.3.0>[ssl_connection:call#2206]
	"-> gen_statem:call(" <0.73.0> {new_user,<0.75.0>} ")"
<0.73.0>[ssl_connection:connection#910]
<0.73.0>[ssl_connection:handle_call#1061]
> 