<0.3.0>[ssl:start#73]
	temporary
<0.67.0>[tls_connection_sup:start_link#41]
<0.68.0>[tls_connection_sup:init#60]
	[]
[server:main#17] ok
<0.3.0>[ssl:listen#152]
	4444
<0.3.0>[ssl:handle_options#791]
	">>"
<0.3.0>[ssl:connection_cb#1389]
	dtls dtls_connection
<0.3.0>[ssl:handle_options#908]
	"<<"
<0.3.0>[ssl:connection_cb#1389]
	dtls dtls_connection
<0.3.0>[ssl:do_listen#744]
	4444 gen_udp
<0.3.0>[ssl:transport_accept#174]
	dtls_connection infinity
<0.3.0>[ssl:ssl_accept#198]
	socket infinity
<0.74.0>[ssl_cipher:security_parameters#77]
<0.74.0>[ssl_cipher:security_parameters#88]
<0.3.0>[ssl_connection:handshake#120]
	<0.74.0> infinity
<0.3.0>[ssl_connection:call#2206]
	"-> gen_statem:call(" <0.74.0> {start,infinity} ")"
<0.74.0>[ssl_connection:ssl_config#359]
<0.74.0>[ssl_handshake:init_handshake_history#497]
<0.74.0>[ssl_connection:init#422]
	info {udp,#Port<0.712>,
                  {127,0,0,1},
                  40578,
                  <<22,254,255,0,0,0,0,0,0,0,0,0,56,1,0,0,44,0,0,0,0,0,0,0,44,
                    254,253,89,53,16,170,215,80,184,111,14,173,255,60,192,71,
                    92,241,175,154,95,251,209,237,84,170,191,192,193,102,58,
                    196,32,78,0,0,0,4,0,255,0,60,1,0>>}
<0.74.0>[ssl_connection:init#395]
	{call,{<0.3.0>,#Ref<0.0.1.246>}} {start,infinity} dtls_connection
<0.74.0>[ssl_connection:init#396]
	#{data_tag => udp,error_tag => udp_error,
          flight_buffer =>
              #{change_cipher_spec => undefined,handshakes => [],
                handshakes_after_change_cipher_spec => [],next_sequence => 0},
          hashsign_algorithm => {undefined,undefined},
          key_algorithm => undefined,negotiated_protocol => undefined,
          protocol_buffers => {protocol_buffers,<<>>,0,undefined,[],[],[]},
          protocol_cb => dtls_connection,role => server,
          transport_cb => gen_udp,unprocessed_handshake_events => 0,
          user_data_buffer => <<>>}
01 00 00 2c 00 00 00 00 00 00 00 2c fe fd 59 35
10 aa d7 50 b8 6f 0e ad ff 3c c0 47 5c f1 af 9a
5f fb d1 ed 54 aa bf c0 c1 66 3a c4 20 4e 00 00
00 04 00 ff 00 3c 01 00 

<0.74.0>[ssl_record:decipher#385]
	"Encrypted =" <<1,0,0,44,0,0,0,0,0,0,0,44,254,253,89,53,16,170,215,80,
                        184,111,14,173,255,60,192,71,92,241,175,154,95,251,209,
                        237,84,170,191,192,193,102,58,196,32,78,0,0,0,4,0,255,
                        0,60,1,0>>
<0.74.0>[ssl_cipher:decipher#251]
	null
01 00 00 2c 00 00 00 00 00 00 00 2c fe fd 59 35
10 aa d7 50 b8 6f 0e ad ff 3c c0 47 5c f1 af 9a
5f fb d1 ed 54 aa bf c0 c1 66 3a c4 20 4e 00 00
00 04 00 ff 00 3c 01 00 

<0.74.0>[ssl_record:decipher#388]
	"Plain =" <<1,0,0,44,0,0,0,0,0,0,0,44,254,253,89,53,16,170,215,80,184,
                    111,14,173,255,60,192,71,92,241,175,154,95,251,209,237,84,
                    170,191,192,193,102,58,196,32,78,0,0,0,4,0,255,0,60,1,0>>


<0.74.0>[ssl_record:decipher#389]
	<<>>
<0.74.0>[dtls_v1:mac_hash#42]
	{254,255} 0 undefined 0 22 56 <<1,0,0,44,0,0,0,0,0,0,0,44,254,253,89,
                                        53,16,170,215,80,184,111,14,173,255,60,
                                        192,71,92,241,175,154,95,251,209,237,
                                        84,170,191,192,193,102,58,196,32,78,0,
                                        0,0,4,0,255,0,60,1,0>>
<0.74.0>[ssl_record:uncompress#321]
	<<1,0,0,44,0,0,0,0,0,0,0,44,254,253,89,53,16,170,215,80,184,111,14,173,
          255,60,192,71,92,241,175,154,95,251,209,237,84,170,191,192,193,102,
          58,196,32,78,0,0,0,4,0,255,0,60,1,0>>
<0.74.0>[ssl_connection:hello#444]
	internal {protocol_record,
                     {ssl_tls,22,
                         {254,255},
                         <<1,0,0,44,0,0,0,0,0,0,0,44,254,253,89,53,16,170,215,
                           80,184,111,14,173,255,60,192,71,92,241,175,154,95,
                           251,209,237,84,170,191,192,193,102,58,196,32,78,0,0,
                           0,4,0,255,0,60,1,0>>,
                         0,0}} dtls_connection
<0.74.0>[ssl_connection:hello#445]
	#{data_tag => udp,error_tag => udp_error,
          flight_buffer =>
              #{change_cipher_spec => undefined,handshakes => [],
                handshakes_after_change_cipher_spec => [],next_sequence => 0},
          hashsign_algorithm => {undefined,undefined},
          key_algorithm => undefined,negotiated_protocol => undefined,
          protocol_buffers => {protocol_buffers,<<>>,0,undefined,[],[],[]},
          protocol_cb => dtls_connection,role => server,
          transport_cb => gen_udp,unprocessed_handshake_events => 0,
          user_data_buffer => <<>>}
<0.74.0>[ssl_connection:handle_common_event#971]
<0.74.0>[ssl_handshake:decode_hello_extensions#1164]
<0.74.0>[ssl_handshake:decode_suites#1246]
<0.74.0>[ssl_record:compress#325]
	[[<<3,0,0,23,0,0,0,0,0,0,0,23,254,253,20,206,47,212,196,66,8,47,95,
            180,75,15,160,84,182,208,252,193,133,181,32>>]]
<0.74.0>[dtls_v1:mac_hash#42]
	{254,253} 0 undefined 0 22 35 [[<<3,0,0,23,0,0,0,0,0,0,0,23,254,253,
                                          20,206,47,212,196,66,8,47,95,180,
                                          75,15,160,84,182,208,252,193,133,
                                          181,32>>]]
<0.74.0>[ssl_record:cipher#349]
	[[<<3,0,0,23,0,0,0,0,0,0,0,23,254,253,20,206,47,212,196,66,8,47,95,
            180,75,15,160,84,182,208,252,193,133,181,32>>]]
<0.74.0>[ssl_cipher:cipher#129]
	null
<0.74.0>[ssl_handshake:init_handshake_history#497]
01 00 00 40 00 01 00 00 00 00 00 40 fe fd 59 35
10 aa d7 50 b8 6f 0e ad ff 3c c0 47 5c f1 af 9a
5f fb d1 ed 54 aa bf c0 c1 66 3a c4 20 4e 00 14
ce 2f d4 c4 42 08 2f 5f b4 4b 0f a0 54 b6 d0 fc
c1 85 b5 20 00 04 00 ff 00 3c 01 00 

<0.74.0>[ssl_record:decipher#385]
	"Encrypted =" <<1,0,0,64,0,1,0,0,0,0,0,64,254,253,89,53,16,170,215,80,
                        184,111,14,173,255,60,192,71,92,241,175,154,95,251,209,
                        237,84,170,191,192,193,102,58,196,32,78,0,20,206,47,
                        212,196,66,8,47,95,180,75,15,160,84,182,208,252,193,
                        133,181,32,0,4,0,255,0,60,1,0>>
<0.74.0>[ssl_cipher:decipher#251]
	null
01 00 00 40 00 01 00 00 00 00 00 40 fe fd 59 35
10 aa d7 50 b8 6f 0e ad ff 3c c0 47 5c f1 af 9a
5f fb d1 ed 54 aa bf c0 c1 66 3a c4 20 4e 00 14
ce 2f d4 c4 42 08 2f 5f b4 4b 0f a0 54 b6 d0 fc
c1 85 b5 20 00 04 00 ff 00 3c 01 00 

<0.74.0>[ssl_record:decipher#388]
	"Plain =" <<1,0,0,64,0,1,0,0,0,0,0,64,254,253,89,53,16,170,215,80,184,
                    111,14,173,255,60,192,71,92,241,175,154,95,251,209,237,84,
                    170,191,192,193,102,58,196,32,78,0,20,206,47,212,196,66,8,
                    47,95,180,75,15,160,84,182,208,252,193,133,181,32,0,4,0,
                    255,0,60,1,0>>


<0.74.0>[ssl_record:decipher#389]
	<<>>
<0.74.0>[dtls_v1:mac_hash#42]
	{254,255} 0 undefined 1 22 76 <<1,0,0,64,0,1,0,0,0,0,0,64,254,253,89,
                                        53,16,170,215,80,184,111,14,173,255,60,
                                        192,71,92,241,175,154,95,251,209,237,
                                        84,170,191,192,193,102,58,196,32,78,0,
                                        20,206,47,212,196,66,8,47,95,180,75,15,
                                        160,84,182,208,252,193,133,181,32,0,4,
                                        0,255,0,60,1,0>>
<0.74.0>[ssl_record:uncompress#321]
	<<1,0,0,64,0,1,0,0,0,0,0,64,254,253,89,53,16,170,215,80,184,111,14,173,
          255,60,192,71,92,241,175,154,95,251,209,237,84,170,191,192,193,102,
          58,196,32,78,0,20,206,47,212,196,66,8,47,95,180,75,15,160,84,182,208,
          252,193,133,181,32,0,4,0,255,0,60,1,0>>
<0.74.0>[ssl_connection:hello#444]
	internal {protocol_record,
                     {ssl_tls,22,
                         {254,255},
                         <<1,0,0,64,0,1,0,0,0,0,0,64,254,253,89,53,16,170,215,
                           80,184,111,14,173,255,60,192,71,92,241,175,154,95,
                           251,209,237,84,170,191,192,193,102,58,196,32,78,0,
                           20,206,47,212,196,66,8,47,95,180,75,15,160,84,182,
                           208,252,193,133,181,32,0,4,0,255,0,60,1,0>>,
                         0,1}} dtls_connection
<0.74.0>[ssl_connection:hello#445]
	#{data_tag => udp,error_tag => udp_error,
          flight_buffer =>
              #{change_cipher_spec => undefined,
                handshakes =>
                    [[3,
                      <<0,0,23>>,
                      <<0,0>>,
                      <<0,0,0>>,
                      <<0,0,23>>,
                      <<254,253,20,206,47,212,196,66,8,47,95,180,75,15,160,
                        84,182,208,252,193,133,181,32>>]],
                handshakes_after_change_cipher_spec => [],next_sequence => 1},
          hashsign_algorithm => {undefined,undefined},
          key_algorithm => undefined,negotiated_protocol => undefined,
          protocol_buffers => {protocol_buffers,<<>>,1,undefined,[],[],[]},
          protocol_cb => dtls_connection,role => server,
          transport_cb => gen_udp,unprocessed_handshake_events => 0,
          user_data_buffer => <<>>}
<0.74.0>[ssl_connection:handle_common_event#971]
<0.74.0>[ssl_handshake:decode_hello_extensions#1164]
<0.74.0>[ssl_handshake:decode_suites#1246]
<0.74.0>[ssl_connection:hello#444]
	internal {handshake,
                     {{client_hello,
                          {254,253},
                          <<89,53,16,170,215,80,184,111,14,173,255,60,192,71,
                            92,241,175,154,95,251,209,237,84,170,191,192,193,
                            102,58,196,32,78>>,
                          <<>>,
                          <<206,47,212,196,66,8,47,95,180,75,15,160,84,182,208,
                            252,193,133,181,32>>,
                          [<<0,255>>,<<0,60>>],
                          <<0>>,
                          {hello_extensions,undefined,undefined,undefined,
                              undefined,undefined,undefined,undefined,
                              undefined}},
                      <<1,0,0,64,0,1,0,0,0,0,0,64,254,253,89,53,16,170,215,
                        80,184,111,14,173,255,60,192,71,92,241,175,154,95,
                        251,209,237,84,170,191,192,193,102,58,196,32,78,0,20,
                        206,47,212,196,66,8,47,95,180,75,15,160,84,182,208,
                        252,193,133,181,32,0,4,0,255,0,60,1,0>>}} dtls_connection
<0.74.0>[ssl_connection:hello#445]
	#{data_tag => udp,error_tag => udp_error,
          flight_buffer =>
              #{change_cipher_spec => undefined,
                handshakes =>
                    [[3,
                      <<0,0,23>>,
                      <<0,0>>,
                      <<0,0,0>>,
                      <<0,0,23>>,
                      <<254,253,20,206,47,212,196,66,8,47,95,180,75,15,160,
                        84,182,208,252,193,133,181,32>>]],
                handshakes_after_change_cipher_spec => [],next_sequence => 1},
          hashsign_algorithm => {undefined,undefined},
          key_algorithm => undefined,negotiated_protocol => undefined,
          protocol_buffers => {protocol_buffers,<<>>,2,undefined,[],[],[]},
          protocol_cb => dtls_connection,role => server,
          transport_cb => gen_udp,unprocessed_handshake_events => 0,
          user_data_buffer => <<>>}
<0.74.0>[ssl_connection:handle_common_event#960]
<0.74.0>[ssl_connection:handle_sni_extension#2835]
<0.74.0>[ssl_handshake:update_handshake_history#520]
<0.74.0>[ssl_handshake:select_version#1503]
<0.74.0>[ssl_handshake:available_signature_algs#2745]
<0.74.0>[ssl_handshake:supported_ecc#1346]
<0.74.0>[ssl_handshake:select_curve#1722]
<0.74.0>[ssl_handshake:select_curve#1738]
<0.74.0>[ssl_handshake:select_session#1328]
<0.74.0>[ssl_cipher:filter#1481]
<0.74.0>[ssl_cipher:filter_keyuse#2038]
<0.74.0>[ssl_handshake:unavailable_ecc_suites#1314]
<0.74.0>[ssl_handshake:select_hashsign#697]
<0.74.0>[ssl_handshake:select_hashsign_algs#781]
<0.74.0>[ssl_handshake:handle_client_hello_extensions#1429]
<0.74.0>[ssl_handshake:handle_renegotiation_extension#2006]
<0.74.0>[ssl_handshake:handle_renegotiation_info#1580]
<0.74.0>[ssl_handshake:handle_renegotiation_extension#2011]
<0.74.0>[ssl_handshake:hello_pending_connection_states#2029]
<0.74.0>[ssl_handshake:hello_security_parameters#2058]
<0.74.0>[ssl_cipher:security_parameters#88]
<0.74.0>[ssl_handshake:hello_security_parameters#2058]
<0.74.0>[ssl_cipher:security_parameters#88]
<0.74.0>[ssl_handshake:renegotiation_info#1543]
<0.74.0>[ssl_handshake:server_ecc_extension#1681]
<0.74.0>[ssl_handshake:server_ecc_extension#1685]
<0.74.0>[ssl_handshake:handle_ecc_point_fmt_extension#1693]
<0.74.0>[ssl_handshake:handle_client_hello_extensions#1457]
<0.74.0>[ssl_handshake:encode_protocols_advertised_on_server#1070]
<0.74.0>[ssl_connection:hello#436]
	internal {common_client_hello,new,
                     {hello_extensions,
                         {renegotiation_info,<<0>>},
                         undefined,undefined,undefined,undefined,undefined,
                         undefined,undefined}} dtls_connection
<0.74.0>[ssl_connection:hello#437]
	#{data_tag => udp,error_tag => udp_error,
          flight_buffer =>
              #{change_cipher_spec => undefined,handshakes => [],
                handshakes_after_change_cipher_spec => [],next_sequence => 1},
          hashsign_algorithm => {sha,rsa},
          key_algorithm => undefined,negotiated_protocol => undefined,
          protocol_buffers => {protocol_buffers,<<>>,2,undefined,[],[],[]},
          protocol_cb => dtls_connection,role => server,
          transport_cb => gen_udp,unprocessed_handshake_events => 0,
          user_data_buffer => <<>>}
<0.74.0>[ssl_connection:do_server_hello#1404]
	do_server_hello
<0.74.0>[ssl_handshake:server_hello#105]
<0.74.0>[ssl_handshake:server_hello#108]
	#{bulk_cipher_algorithm => 7,
          cipher_suite => <<0,60>>,
          cipher_type => 1,
          client_random =>
              <<89,53,16,170,215,80,184,111,14,173,255,60,192,71,92,241,175,
                154,95,251,209,237,84,170,191,192,193,102,58,196,32,78>>,
          compression_algorithm => 0,connection_end => 0,
          expanded_key_material_length => unknown,exportable => undefined,
          hash_size => 32,iv_size => 16,key_material_length => 16,
          key_size => 128,mac_algorithm => 4,master_secret => undefined,
          prf_algorithm => 4,
          server_random =>
              <<89,53,16,170,237,173,185,154,147,202,80,122,232,1,132,177,172,
                10,240,39,205,111,161,196,138,11,172,52,163,106,229,118>>}
<0.74.0>[ssl_connection:do_server_hello#1408]
	{server_hello,
            {3,3},
            <<89,53,16,170,237,173,185,154,147,202,80,122,232,1,132,177,172,10,
              240,39,205,111,161,196,138,11,172,52,163,106,229,118>>,
            <<22,41,219,43,15,50,169,154,222,147,48,189,249,250,103,84,228,161,
              184,180,242,78,64,36,29,105,25,145,151,204,149,147>>,
            <<0,60>>,
            0,
            {hello_extensions,
                {renegotiation_info,<<0>>},
                undefined,undefined,undefined,undefined,undefined,undefined,
                undefined}}
<0.74.0>[ssl_connection:server_hello#1462]
	server_hello
<0.74.0>[ssl_handshake:encode_handshake#847]
<0.74.0>[ssl_handshake:encode_hello_extensions#907]
<0.74.0>[ssl_handshake:hello_extensions_list#1655]
<0.74.0>[ssl_handshake:encode_hello_extensions#932]
<0.74.0>[ssl_handshake:encode_hello_extensions#913]
<0.74.0>[ssl_handshake:update_handshake_history#520]
<0.74.0>[ssl_connection:new_server_hello#1424]
<0.74.0>[ssl_connection:server_certify_and_key_exchange#1572]
<0.74.0>[ssl_connection:certify_server#1644]
<0.74.0>[ssl_handshake:certificate#178]
<0.74.0>[ssl_handshake:certificate#181]
<0.74.0>[ssl_connection:certify_server#1647]
<0.74.0>[ssl_handshake:encode_handshake#854]
<0.74.0>[ssl_handshake:update_handshake_history#520]
<0.74.0>[ssl_connection:key_exchange#1655]
<0.74.0>[ssl_connection:request_client_cert#1949]
<0.74.0>[ssl_connection:new_server_hello#1427]
<0.74.0>[ssl_connection:server_hello_done#1469]
<0.74.0>[ssl_handshake:server_hello_done#124]
<0.74.0>[ssl_handshake:encode_handshake#893]
<0.74.0>[ssl_handshake:update_handshake_history#520]
<0.74.0>[ssl_record:compress#325]
	[[<<2,0,0,77,0,1,0,0,0,0,0,77,254,253,89,53,16,170,237,173,185,154,
            147,202,80,122,232,1,132,177,172,10,240,39,205,111,161,196,138,11,
            172,52,163,106,229,118,32,22,41,219,43,15,50,169,154,222,147,48,
            189,249,250,103,84,228,161,184,180,242,78,64,36,29,105,25,145,151,
            204,149,147,0,60,0,0,5,255,1,0,1,0>>],
         [<<11,0,3,16,0,2,0,0,0,0,3,16,0,3,13,0,3,10,48,130,3,6,48,130,1,238,
            2,9,0,175,120,102,152,145,248,107,211,48,13,6,9,42,134,72,134,247,
            13,1,1,11,5,0,48,69,49,11,48,9,6,3,85,4,6,19,2,65,85,49,19,48,17,
            6,3,85,4,8,12,10,83,111,109,101,45,83,116,97,116,101,49,33,48,31,
            6,3,85,4,10,12,24,73,110,116,101,114,110,101,116,32,87,105,100,
            103,105,116,115,32,80,116,121,32,76,116,100,48,30,23,13,49,55,48,
            52,50,53,48,53,53,50,53,55,90,23,13,50,55,48,52,50,51,48,53,53,50,
            53,55,90,48,69,49,11,48,9,6,3,85,4,6,19,2,65,85,49,19,48,17,6,3,
            85,4,8,12,10,83,111,109,101,45,83,116,97,116,101,49,33,48,31,6,3,
            85,4,10,12,24,73,110,116,101,114,110,101,116,32,87,105,100,103,
            105,116,115,32,80,116,121,32,76,116,100,48,130,1,34,48,13,6,9,42,
            134,72,134,247,13,1,1,1,5,0,3,130,1,15,0,48,130,1,10,2,130,1,1,0,
            175,149,116,106,187,197,3,161,109,122,62,137,34,190,179,215,252,
            80,188,252,129,40,95,104,162,86,51,240,52,8,225,44,22,230,162,141,
            176,63,120,244,238,239,107,119,13,231,138,165,190,210,67,20,50,93,
            86,206,177,197,33,167,118,251,62,249,102,102,67,225,195,197,28,
            178,209,27,90,106,46,124,142,40,202,221,247,51,184,29,183,194,127,
            119,94,24,146,139,41,166,255,31,250,155,57,136,109,174,232,32,125,
            223,66,193,163,36,89,39,11,230,125,243,77,182,32,20,146,110,108,
            104,73,117,6,202,26,84,65,86,89,244,118,243,229,205,137,177,87,
            221,250,68,50,103,237,188,221,127,90,64,140,236,225,222,105,234,
            249,107,169,238,225,163,188,30,181,57,212,176,138,59,86,22,154,
            128,123,97,87,226,196,33,221,31,56,248,68,148,82,177,240,40,230,
            176,51,153,15,85,172,29,4,138,175,50,86,246,175,174,128,50,99,184,
            234,243,120,75,220,104,110,120,9,197,228,220,139,100,213,154,76,
            92,52,75,108,49,53,125,224,10,211,70,149,9,195,165,211,226,117,65,
            193,50,250,117,148,171,2,3,1,0,1,48,13,6,9,42,134,72,134,247,13,1,
            1,11,5,0,3,130,1,1,0,131,149,14,126,32,254,120,74,92,167,158,136,
            93,239,98,232,108,251,161,244,140,231,77,40,23,148,104,156,162,
            157,220,122,142,33,237,16,209,104,195,2,103,187,122,85,94,33,249,
            55,233,148,97,201,59,88,120,2,116,123,174,29,22,116,92,121,215,
            222,106,216,118,108,204,191,235,33,36,205,255,156,231,192,76,167,
            9,155,198,99,79,14,220,73,91,180,86,186,142,235,141,233,1,179,78,
            183,139,30,250,133,99,116,108,183,108,145,179,205,80,91,125,78,
            131,3,20,174,29,195,111,37,20,120,34,219,157,7,190,113,125,211,22,
            40,144,99,228,82,181,11,239,173,179,80,108,111,25,209,185,62,7,
            242,93,55,228,134,173,255,174,35,23,23,132,115,160,26,77,33,254,
            82,223,246,48,104,112,251,13,208,214,14,223,88,216,123,66,89,201,
            115,59,91,139,247,6,27,214,57,33,238,194,107,107,140,155,107,206,
            53,254,57,254,187,49,179,253,140,41,125,5,4,100,137,198,74,176,
            156,227,203,50,246,165,193,169,39,151,227,124,74,189,110,175,211,
            146,235,88,117,123,126,49,212,249,145,188,117>>],
         [<<14,0,0,0,0,3,0,0,0,0,0,0>>]]
<0.74.0>[dtls_v1:mac_hash#42]
	{254,253} 0 undefined 1 22 897 [[<<2,0,0,77,0,1,0,0,0,0,0,77,254,253,
                                           89,53,16,170,237,173,185,154,147,
                                           202,80,122,232,1,132,177,172,10,
                                           240,39,205,111,161,196,138,11,172,
                                           52,163,106,229,118,32,22,41,219,43,
                                           15,50,169,154,222,147,48,189,249,
                                           250,103,84,228,161,184,180,242,78,
                                           64,36,29,105,25,145,151,204,149,
                                           147,0,60,0,0,5,255,1,0,1,0>>],
                                        [<<11,0,3,16,0,2,0,0,0,0,3,16,0,3,13,
                                           0,3,10,48,130,3,6,48,130,1,238,2,9,
                                           0,175,120,102,152,145,248,107,211,
                                           48,13,6,9,42,134,72,134,247,13,1,1,
                                           11,5,0,48,69,49,11,48,9,6,3,85,4,6,
                                           19,2,65,85,49,19,48,17,6,3,85,4,8,
                                           12,10,83,111,109,101,45,83,116,97,
                                           116,101,49,33,48,31,6,3,85,4,10,12,
                                           24,73,110,116,101,114,110,101,116,
                                           32,87,105,100,103,105,116,115,32,
                                           80,116,121,32,76,116,100,48,30,23,
                                           13,49,55,48,52,50,53,48,53,53,50,
                                           53,55,90,23,13,50,55,48,52,50,51,
                                           48,53,53,50,53,55,90,48,69,49,11,
                                           48,9,6,3,85,4,6,19,2,65,85,49,19,
                                           48,17,6,3,85,4,8,12,10,83,111,109,
                                           101,45,83,116,97,116,101,49,33,48,
                                           31,6,3,85,4,10,12,24,73,110,116,
                                           101,114,110,101,116,32,87,105,100,
                                           103,105,116,115,32,80,116,121,32,
                                           76,116,100,48,130,1,34,48,13,6,9,
                                           42,134,72,134,247,13,1,1,1,5,0,3,
                                           130,1,15,0,48,130,1,10,2,130,1,1,0,
                                           175,149,116,106,187,197,3,161,109,
                                           122,62,137,34,190,179,215,252,80,
                                           188,252,129,40,95,104,162,86,51,
                                           240,52,8,225,44,22,230,162,141,176,
                                           63,120,244,238,239,107,119,13,231,
                                           138,165,190,210,67,20,50,93,86,206,
                                           177,197,33,167,118,251,62,249,102,
                                           102,67,225,195,197,28,178,209,27,
                                           90,106,46,124,142,40,202,221,247,
                                           51,184,29,183,194,127,119,94,24,
                                           146,139,41,166,255,31,250,155,57,
                                           136,109,174,232,32,125,223,66,193,
                                           163,36,89,39,11,230,125,243,77,182,
                                           32,20,146,110,108,104,73,117,6,202,
                                           26,84,65,86,89,244,118,243,229,205,
                                           137,177,87,221,250,68,50,103,237,
                                           188,221,127,90,64,140,236,225,222,
                                           105,234,249,107,169,238,225,163,
                                           188,30,181,57,212,176,138,59,86,22,
                                           154,128,123,97,87,226,196,33,221,
                                           31,56,248,68,148,82,177,240,40,230,
                                           176,51,153,15,85,172,29,4,138,175,
                                           50,86,246,175,174,128,50,99,184,
                                           234,243,120,75,220,104,110,120,9,
                                           197,228,220,139,100,213,154,76,92,
                                           52,75,108,49,53,125,224,10,211,70,
                                           149,9,195,165,211,226,117,65,193,
                                           50,250,117,148,171,2,3,1,0,1,48,13,
                                           6,9,42,134,72,134,247,13,1,1,11,5,
                                           0,3,130,1,1,0,131,149,14,126,32,
                                           254,120,74,92,167,158,136,93,239,
                                           98,232,108,251,161,244,140,231,77,
                                           40,23,148,104,156,162,157,220,122,
                                           142,33,237,16,209,104,195,2,103,
                                           187,122,85,94,33,249,55,233,148,97,
                                           201,59,88,120,2,116,123,174,29,22,
                                           116,92,121,215,222,106,216,118,108,
                                           204,191,235,33,36,205,255,156,231,
                                           192,76,167,9,155,198,99,79,14,220,
                                           73,91,180,86,186,142,235,141,233,1,
                                           179,78,183,139,30,250,133,99,116,
                                           108,183,108,145,179,205,80,91,125,
                                           78,131,3,20,174,29,195,111,37,20,
                                           120,34,219,157,7,190,113,125,211,
                                           22,40,144,99,228,82,181,11,239,173,
                                           179,80,108,111,25,209,185,62,7,242,
                                           93,55,228,134,173,255,174,35,23,23,
                                           132,115,160,26,77,33,254,82,223,
                                           246,48,104,112,251,13,208,214,14,
                                           223,88,216,123,66,89,201,115,59,91,
                                           139,247,6,27,214,57,33,238,194,107,
                                           107,140,155,107,206,53,254,57,254,
                                           187,49,179,253,140,41,125,5,4,100,
                                           137,198,74,176,156,227,203,50,246,
                                           165,193,169,39,151,227,124,74,189,
                                           110,175,211,146,235,88,117,123,126,
                                           49,212,249,145,188,117>>],
                                        [<<14,0,0,0,0,3,0,0,0,0,0,0>>]]
<0.74.0>[ssl_record:cipher#349]
	[[<<2,0,0,77,0,1,0,0,0,0,0,77,254,253,89,53,16,170,237,173,185,154,
            147,202,80,122,232,1,132,177,172,10,240,39,205,111,161,196,138,11,
            172,52,163,106,229,118,32,22,41,219,43,15,50,169,154,222,147,48,
            189,249,250,103,84,228,161,184,180,242,78,64,36,29,105,25,145,151,
            204,149,147,0,60,0,0,5,255,1,0,1,0>>],
         [<<11,0,3,16,0,2,0,0,0,0,3,16,0,3,13,0,3,10,48,130,3,6,48,130,1,238,
            2,9,0,175,120,102,152,145,248,107,211,48,13,6,9,42,134,72,134,247,
            13,1,1,11,5,0,48,69,49,11,48,9,6,3,85,4,6,19,2,65,85,49,19,48,17,
            6,3,85,4,8,12,10,83,111,109,101,45,83,116,97,116,101,49,33,48,31,
            6,3,85,4,10,12,24,73,110,116,101,114,110,101,116,32,87,105,100,
            103,105,116,115,32,80,116,121,32,76,116,100,48,30,23,13,49,55,48,
            52,50,53,48,53,53,50,53,55,90,23,13,50,55,48,52,50,51,48,53,53,50,
            53,55,90,48,69,49,11,48,9,6,3,85,4,6,19,2,65,85,49,19,48,17,6,3,
            85,4,8,12,10,83,111,109,101,45,83,116,97,116,101,49,33,48,31,6,3,
            85,4,10,12,24,73,110,116,101,114,110,101,116,32,87,105,100,103,
            105,116,115,32,80,116,121,32,76,116,100,48,130,1,34,48,13,6,9,42,
            134,72,134,247,13,1,1,1,5,0,3,130,1,15,0,48,130,1,10,2,130,1,1,0,
            175,149,116,106,187,197,3,161,109,122,62,137,34,190,179,215,252,
            80,188,252,129,40,95,104,162,86,51,240,52,8,225,44,22,230,162,141,
            176,63,120,244,238,239,107,119,13,231,138,165,190,210,67,20,50,93,
            86,206,177,197,33,167,118,251,62,249,102,102,67,225,195,197,28,
            178,209,27,90,106,46,124,142,40,202,221,247,51,184,29,183,194,127,
            119,94,24,146,139,41,166,255,31,250,155,57,136,109,174,232,32,125,
            223,66,193,163,36,89,39,11,230,125,243,77,182,32,20,146,110,108,
            104,73,117,6,202,26,84,65,86,89,244,118,243,229,205,137,177,87,
            221,250,68,50,103,237,188,221,127,90,64,140,236,225,222,105,234,
            249,107,169,238,225,163,188,30,181,57,212,176,138,59,86,22,154,
            128,123,97,87,226,196,33,221,31,56,248,68,148,82,177,240,40,230,
            176,51,153,15,85,172,29,4,138,175,50,86,246,175,174,128,50,99,184,
            234,243,120,75,220,104,110,120,9,197,228,220,139,100,213,154,76,
            92,52,75,108,49,53,125,224,10,211,70,149,9,195,165,211,226,117,65,
            193,50,250,117,148,171,2,3,1,0,1,48,13,6,9,42,134,72,134,247,13,1,
            1,11,5,0,3,130,1,1,0,131,149,14,126,32,254,120,74,92,167,158,136,
            93,239,98,232,108,251,161,244,140,231,77,40,23,148,104,156,162,
            157,220,122,142,33,237,16,209,104,195,2,103,187,122,85,94,33,249,
            55,233,148,97,201,59,88,120,2,116,123,174,29,22,116,92,121,215,
            222,106,216,118,108,204,191,235,33,36,205,255,156,231,192,76,167,
            9,155,198,99,79,14,220,73,91,180,86,186,142,235,141,233,1,179,78,
            183,139,30,250,133,99,116,108,183,108,145,179,205,80,91,125,78,
            131,3,20,174,29,195,111,37,20,120,34,219,157,7,190,113,125,211,22,
            40,144,99,228,82,181,11,239,173,179,80,108,111,25,209,185,62,7,
            242,93,55,228,134,173,255,174,35,23,23,132,115,160,26,77,33,254,
            82,223,246,48,104,112,251,13,208,214,14,223,88,216,123,66,89,201,
            115,59,91,139,247,6,27,214,57,33,238,194,107,107,140,155,107,206,
            53,254,57,254,187,49,179,253,140,41,125,5,4,100,137,198,74,176,
            156,227,203,50,246,165,193,169,39,151,227,124,74,189,110,175,211,
            146,235,88,117,123,126,49,212,249,145,188,117>>],
         [<<14,0,0,0,0,3,0,0,0,0,0,0>>]]
<0.74.0>[ssl_cipher:cipher#129]
	null
10 00 01 02 00 02 00 00 00 00 01 02 01 00 80 cb
00 e2 4e b2 64 2e 06 56 e1 43 d1 7f 0f 96 2d 2e
35 7b b5 b0 0f e8 62 09 f7 a6 9a ac 49 86 4d 84
ce d5 d3 cd 8d 52 91 9a d3 7d ff ba ba ba 28 f7
fc 07 a5 71 44 b3 ff e9 44 ca c5 3f 6e db 97 f2
1e 89 bf 1b d7 97 6c 9f 05 08 23 ba a3 ce 80 ee
51 80 86 ce be 57 39 7d 7a 69 eb 89 d5 42 87 d9
eb e8 bd 05 fd 71 93 a0 c2 53 52 4c 3b 2b 05 a7
d3 ed 97 77 4e 37 dd e8 f9 3d 3d 05 03 d4 d6 0c
45 ad 32 ee 67 1f 25 96 d8 0d 2f 60 35 d2 d9 b3
06 53 21 47 8d 56 7d f2 83 44 4e 71 fa 1c ef e8
1f de 46 4f 7d f5 f9 7e b5 ba 19 a7 e8 e1 64 e9
67 89 d7 77 41 40 98 b7 61 64 f1 97 ef 4f 58 61
4b 93 15 2c 7d 21 57 cf e3 5b e2 ef 5a ae 68 53
30 5d 70 71 05 51 a7 93 d1 30 98 fe 3c a1 a4 dc
ee bd e1 7f 10 0f 79 fc d7 4e b1 c0 03 3e fe 18
8f 3a 15 53 b1 25 c5 b2 5d 39 9f 9a ab 0f 

<0.74.0>[ssl_record:decipher#385]
	"Encrypted =" <<16,0,1,2,0,2,0,0,0,0,1,2,1,0,128,203,0,226,78,178,100,
                        46,6,86,225,67,209,127,15,150,45,46,53,123,181,176,15,
                        232,98,9,247,166,154,172,73,134,77,132,206,213,211,205,
                        141,82,145,154,211,125,255,186,186,186,40,247,252,7,
                        165,113,68,179,255,233,68,202,197,63,110,219,151,242,
                        30,137,191,27,215,151,108,159,5,8,35,186,163,206,128,
                        238,81,128,134,206,190,87,57,125,122,105,235,137,213,
                        66,135,217,235,232,189,5,253,113,147,160,194,83,82,76,
                        59,43,5,167,211,237,151,119,78,55,221,232,249,61,61,5,
                        3,212,214,12,69,173,50,238,103,31,37,150,216,13,47,96,
                        53,210,217,179,6,83,33,71,141,86,125,242,131,68,78,113,
                        250,28,239,232,31,222,70,79,125,245,249,126,181,186,25,
                        167,232,225,100,233,103,137,215,119,65,64,152,183,97,
                        100,241,151,239,79,88,97,75,147,21,44,125,33,87,207,
                        227,91,226,239,90,174,104,83,48,93,112,113,5,81,167,
                        147,209,48,152,254,60,161,164,220,238,189,225,127,16,
                        15,121,252,215,78,177,192,3,62,254,24,143,58,21,83,177,
                        37,197,178,93,57,159,154,171,15>>
<0.74.0>[ssl_cipher:decipher#251]
	null
10 00 01 02 00 02 00 00 00 00 01 02 01 00 80 cb
00 e2 4e b2 64 2e 06 56 e1 43 d1 7f 0f 96 2d 2e
35 7b b5 b0 0f e8 62 09 f7 a6 9a ac 49 86 4d 84
ce d5 d3 cd 8d 52 91 9a d3 7d ff ba ba ba 28 f7
fc 07 a5 71 44 b3 ff e9 44 ca c5 3f 6e db 97 f2
1e 89 bf 1b d7 97 6c 9f 05 08 23 ba a3 ce 80 ee
51 80 86 ce be 57 39 7d 7a 69 eb 89 d5 42 87 d9
eb e8 bd 05 fd 71 93 a0 c2 53 52 4c 3b 2b 05 a7
d3 ed 97 77 4e 37 dd e8 f9 3d 3d 05 03 d4 d6 0c
45 ad 32 ee 67 1f 25 96 d8 0d 2f 60 35 d2 d9 b3
06 53 21 47 8d 56 7d f2 83 44 4e 71 fa 1c ef e8
1f de 46 4f 7d f5 f9 7e b5 ba 19 a7 e8 e1 64 e9
67 89 d7 77 41 40 98 b7 61 64 f1 97 ef 4f 58 61
4b 93 15 2c 7d 21 57 cf e3 5b e2 ef 5a ae 68 53
30 5d 70 71 05 51 a7 93 d1 30 98 fe 3c a1 a4 dc
ee bd e1 7f 10 0f 79 fc d7 4e b1 c0 03 3e fe 18
8f 3a 15 53 b1 25 c5 b2 5d 39 9f 9a ab 0f 

<0.74.0>[ssl_record:decipher#388]
	"Plain =" <<16,0,1,2,0,2,0,0,0,0,1,2,1,0,128,203,0,226,78,178,100,46,6,
                    86,225,67,209,127,15,150,45,46,53,123,181,176,15,232,98,9,
                    247,166,154,172,73,134,77,132,206,213,211,205,141,82,145,
                    154,211,125,255,186,186,186,40,247,252,7,165,113,68,179,
                    255,233,68,202,197,63,110,219,151,242,30,137,191,27,215,
                    151,108,159,5,8,35,186,163,206,128,238,81,128,134,206,190,
                    87,57,125,122,105,235,137,213,66,135,217,235,232,189,5,253,
                    113,147,160,194,83,82,76,59,43,5,167,211,237,151,119,78,55,
                    221,232,249,61,61,5,3,212,214,12,69,173,50,238,103,31,37,
                    150,216,13,47,96,53,210,217,179,6,83,33,71,141,86,125,242,
                    131,68,78,113,250,28,239,232,31,222,70,79,125,245,249,126,
                    181,186,25,167,232,225,100,233,103,137,215,119,65,64,152,
                    183,97,100,241,151,239,79,88,97,75,147,21,44,125,33,87,207,
                    227,91,226,239,90,174,104,83,48,93,112,113,5,81,167,147,
                    209,48,152,254,60,161,164,220,238,189,225,127,16,15,121,
                    252,215,78,177,192,3,62,254,24,143,58,21,83,177,37,197,178,
                    93,57,159,154,171,15>>


<0.74.0>[ssl_record:decipher#389]
	<<>>
<0.74.0>[dtls_v1:mac_hash#42]
	{254,253} 0 undefined 2 22 270 <<16,0,1,2,0,2,0,0,0,0,1,2,1,0,128,203,
                                         0,226,78,178,100,46,6,86,225,67,209,
                                         127,15,150,45,46,53,123,181,176,15,
                                         232,98,9,247,166,154,172,73,134,77,
                                         132,206,213,211,205,141,82,145,154,
                                         211,125,255,186,186,186,40,247,252,7,
                                         165,113,68,179,255,233,68,202,197,63,
                                         110,219,151,242,30,137,191,27,215,151,
                                         108,159,5,8,35,186,163,206,128,238,81,
                                         128,134,206,190,87,57,125,122,105,235,
                                         137,213,66,135,217,235,232,189,5,253,
                                         113,147,160,194,83,82,76,59,43,5,167,
                                         211,237,151,119,78,55,221,232,249,61,
                                         61,5,3,212,214,12,69,173,50,238,103,
                                         31,37,150,216,13,47,96,53,210,217,179,
                                         6,83,33,71,141,86,125,242,131,68,78,
                                         113,250,28,239,232,31,222,70,79,125,
                                         245,249,126,181,186,25,167,232,225,
                                         100,233,103,137,215,119,65,64,152,183,
                                         97,100,241,151,239,79,88,97,75,147,21,
                                         44,125,33,87,207,227,91,226,239,90,
                                         174,104,83,48,93,112,113,5,81,167,147,
                                         209,48,152,254,60,161,164,220,238,189,
                                         225,127,16,15,121,252,215,78,177,192,
                                         3,62,254,24,143,58,21,83,177,37,197,
                                         178,93,57,159,154,171,15>>
<0.74.0>[ssl_record:uncompress#321]
	<<16,0,1,2,0,2,0,0,0,0,1,2,1,0,128,203,0,226,78,178,100,46,6,86,225,67,
          209,127,15,150,45,46,53,123,181,176,15,232,98,9,247,166,154,172,73,
          134,77,132,206,213,211,205,141,82,145,154,211,125,255,186,186,186,40,
          247,252,7,165,113,68,179,255,233,68,202,197,63,110,219,151,242,30,
          137,191,27,215,151,108,159,5,8,35,186,163,206,128,238,81,128,134,206,
          190,87,57,125,122,105,235,137,213,66,135,217,235,232,189,5,253,113,
          147,160,194,83,82,76,59,43,5,167,211,237,151,119,78,55,221,232,249,
          61,61,5,3,212,214,12,69,173,50,238,103,31,37,150,216,13,47,96,53,210,
          217,179,6,83,33,71,141,86,125,242,131,68,78,113,250,28,239,232,31,
          222,70,79,125,245,249,126,181,186,25,167,232,225,100,233,103,137,215,
          119,65,64,152,183,97,100,241,151,239,79,88,97,75,147,21,44,125,33,87,
          207,227,91,226,239,90,174,104,83,48,93,112,113,5,81,167,147,209,48,
          152,254,60,161,164,220,238,189,225,127,16,15,121,252,215,78,177,192,
          3,62,254,24,143,58,21,83,177,37,197,178,93,57,159,154,171,15>>
<0.74.0>[ssl_connection:certify#760]
<0.74.0>[ssl_connection:handle_common_event#971]
<0.74.0>[ssl_handshake:decode_handshake#1149]
<0.74.0>[ssl_connection:certify#760]
<0.74.0>[ssl_connection:handle_common_event#960]
<0.74.0>[ssl_connection:handle_sni_extension#2835]
<0.74.0>[ssl_handshake:update_handshake_history#520]
<0.74.0>[ssl_connection:certify#749]
<0.74.0>[ssl_handshake:decode_client_key#1022]
<0.74.0>[ssl_handshake:dec_client_key#2179]
	"EncPreMasterSecret =" <<128,203,0,226,78,178,100,46,6,86,225,67,209,
                                 127,15,150,45,46,53,123,181,176,15,232,98,9,
                                 247,166,154,172,73,134,77,132,206,213,211,205,
                                 141,82,145,154,211,125,255,186,186,186,40,247,
                                 252,7,165,113,68,179,255,233,68,202,197,63,
                                 110,219,151,242,30,137,191,27,215,151,108,159,
                                 5,8,35,186,163,206,128,238,81,128,134,206,190,
                                 87,57,125,122,105,235,137,213,66,135,217,235,
                                 232,189,5,253,113,147,160,194,83,82,76,59,43,
                                 5,167,211,237,151,119,78,55,221,232,249,61,61,
                                 5,3,212,214,12,69,173,50,238,103,31,37,150,
                                 216,13,47,96,53,210,217,179,6,83,33,71,141,86,
                                 125,242,131,68,78,113,250,28,239,232,31,222,
                                 70,79,125,245,249,126,181,186,25,167,232,225,
                                 100,233,103,137,215,119,65,64,152,183,97,100,
                                 241,151,239,79,88,97,75,147,21,44,125,33,87,
                                 207,227,91,226,239,90,174,104,83,48,93,112,
                                 113,5,81,167,147,209,48,152,254,60,161,164,
                                 220,238,189,225,127,16,15,121,252,215,78,177,
                                 192,3,62,254,24,143,58,21,83,177,37,197,178,
                                 93,57,159,154,171,15>>
<0.74.0>[ssl_connection:certify_client_key_exchange#1579]
<0.74.0>[ssl_handshake:premaster_secret#620]
<0.74.0>[ssl_connection:certify_client_key_exchange#1581]
	"PremasterSecret =" <<254,253,141,105,67,107,78,34,120,103,157,181,169,
                              35,80,2,170,229,9,195,36,158,75,139,16,4,102,224,
                              169,247,135,227,102,182,25,130,201,16,170,34,232,
                              134,195,26,162,144,17,186>>
<0.74.0>[ssl_connection:calculate_master_secret#1957]
	pre_master_secret <<254,253,141,105,67,107,78,34,120,103,157,181,169,
                            35,80,2,170,229,9,195,36,158,75,139,16,4,102,224,
                            169,247,135,227,102,182,25,130,201,16,170,34,232,
                            134,195,26,162,144,17,186>>
<0.74.0>[ssl_handshake:master_secret#820]
	#{bulk_cipher_algorithm => 7,
          cipher_suite => <<0,60>>,
          cipher_type => 1,
          client_random =>
              <<89,53,16,170,215,80,184,111,14,173,255,60,192,71,92,241,175,
                154,95,251,209,237,84,170,191,192,193,102,58,196,32,78>>,
          compression_algorithm => 0,connection_end => 0,
          expanded_key_material_length => unknown,exportable => undefined,
          hash_size => 32,iv_size => 16,key_material_length => 16,
          key_size => 128,mac_algorithm => 4,master_secret => undefined,
          prf_algorithm => 4,
          server_random =>
              <<89,53,16,170,237,173,185,154,147,202,80,122,232,1,132,177,172,
                10,240,39,205,111,161,196,138,11,172,52,163,106,229,118>>}
<0.74.0>[ssl_handshake:calc_master_secret#2000]
<0.74.0>[ssl_handshake:master_secret#1959]
	"MasterSecret =" <<81,17,17,58,203,29,46,19,201,188,75,222,205,195,251,
                           221,55,39,181,163,140,60,145,86,94,199,232,236,70,
                           46,98,70,20,236,159,133,234,166,102,70,201,182,218,
                           65,204,28,171,216>>
<0.74.0>[ssl_handshake:setup_keys#1991]
<0.74.0>[tls_v1:setup_keys#175]
	"Version =" 3
<0.74.0>[tls_v1:setup_keys#176]
	"PrfAlgo =" 4
<0.74.0>[tls_v1:setup_keys#177]
	"MasterSecret =" <<81,17,17,58,203,29,46,19,201,188,75,222,205,195,251,
                           221,55,39,181,163,140,60,145,86,94,199,232,236,70,
                           46,98,70,20,236,159,133,234,166,102,70,201,182,218,
                           65,204,28,171,216>>
<0.74.0>[tls_v1:setup_keys#178]
	"ServerRandom =" <<89,53,16,170,237,173,185,154,147,202,80,122,232,1,
                           132,177,172,10,240,39,205,111,161,196,138,11,172,52,
                           163,106,229,118>>
<0.74.0>[tls_v1:setup_keys#179]
	"ClientRandom =" <<89,53,16,170,215,80,184,111,14,173,255,60,192,71,92,
                           241,175,154,95,251,209,237,84,170,191,192,193,102,
                           58,196,32,78>>
<0.74.0>[tls_v1:setup_keys#180]
	"HashSize =" 32
<0.74.0>[tls_v1:setup_keys#181]
	"KeyMatLen =" 16
<0.74.0>[tls_v1:setup_keys#182]
	"IVSize =" 16
<0.74.0>[ssl_handshake:master_secret#1965]
	"ClientWriteMacSecret =" <<109,69,107,126,110,69,195,73,101,129,150,
                                   250,183,230,17,235,38,216,136,202,5,50,81,
                                   196,11,66,212,80,13,40,119,46>>
<0.74.0>[ssl_handshake:master_secret#1966]
	"ServerWriteMacSecret =" <<123,149,227,106,78,152,184,16,227,137,229,
                                   181,214,245,192,226,82,63,188,166,216,87,28,
                                   122,119,72,109,136,59,204,38,205>>
<0.74.0>[ssl_handshake:master_secret#1967]
	"ClientWriteKey       =" <<158,130,154,255,110,106,103,75,105,110,25,3,
                                   209,53,111,37>>
<0.74.0>[ssl_handshake:master_secret#1968]
	"ServerWriteKey       =" <<10,233,227,248,14,21,90,99,197,239,72,58,
                                   167,228,153,191>>
<0.74.0>[ssl_handshake:master_secret#1969]
	"ClientIV             =" <<23,127,102,44,235,225,118,143,123,117,40,17,
                                   209,74,20,47>>
<0.74.0>[ssl_handshake:master_secret#1970]
	"ServerIV             =" <<142,215,46,143,218,109,162,166,147,194,107,
                                   191,64,129,177,57>>
<0.74.0>[ssl_cipher:cipher_init#116]
	bca iv <<23,127,102,44,235,225,118,143,123,117,40,17,209,74,20,47>>
<0.74.0>[ssl_cipher:cipher_init#116]
	bca iv <<142,215,46,143,218,109,162,166,147,194,107,191,64,129,177,57>>
<0.74.0>[ssl_connection:calculate_master_secret#1961]
	master_secret <<81,17,17,58,203,29,46,19,201,188,75,222,205,195,251,
                        221,55,39,181,163,140,60,145,86,94,199,232,236,70,46,
                        98,70,20,236,159,133,234,166,102,70,201,182,218,65,204,
                        28,171,216>>
01 

<0.74.0>[ssl_record:decipher#385]
	"Encrypted =" <<1>>
<0.74.0>[ssl_cipher:decipher#251]
	null
01 

<0.74.0>[ssl_record:decipher#388]
	"Plain =" <<1>>


<0.74.0>[ssl_record:decipher#389]
	<<>>
<0.74.0>[dtls_v1:mac_hash#42]
	{254,253} 0 undefined 3 20 1 <<1>>
<0.74.0>[ssl_record:uncompress#321]
	<<1>>
<0.74.0>[ssl_connection:calculate_master_secret#1966]
	{ssl_tls,20,{254,253},<<1>>,0,3}
<0.74.0>[ssl_connection:calculate_master_secret#1967]
	#{data_tag => udp,error_tag => udp_error,
          flight_buffer =>
              #{change_cipher_spec => undefined,
                handshakes =>
                    [[14,<<0,0,0>>,<<0,3>>,<<0,0,0>>,<<0,0,0>>,<<>>],
                     [11,
                      <<0,3,16>>,
                      <<0,2>>,
                      <<0,0,0>>,
                      <<0,3,16>>,
                      <<0,3,13,0,3,10,48,130,3,6,48,130,1,238,2,9,0,175,120,
                        102,152,145,248,107,211,48,13,6,9,42,134,72,134,247,
                        13,1,1,11,5,0,48,69,49,11,48,9,6,3,85,4,6,19,2,65,85,
                        49,19,48,17,6,3,85,4,8,12,10,83,111,109,101,45,83,116,
                        97,116,101,49,33,48,31,6,3,85,4,10,12,24,73,110,116,
                        101,114,110,101,116,32,87,105,100,103,105,116,115,32,
                        80,116,121,32,76,116,100,48,30,23,13,49,55,48,52,50,
                        53,48,53,53,50,53,55,90,23,13,50,55,48,52,50,51,48,53,
                        53,50,53,55,90,48,69,49,11,48,9,6,3,85,4,6,19,2,65,85,
                        49,19,48,17,6,3,85,4,8,12,10,83,111,109,101,45,83,116,
                        97,116,101,49,33,48,31,6,3,85,4,10,12,24,73,110,116,
                        101,114,110,101,116,32,87,105,100,103,105,116,115,32,
                        80,116,121,32,76,116,100,48,130,1,34,48,13,6,9,42,134,
                        72,134,247,13,1,1,1,5,0,3,130,1,15,0,48,130,1,10,2,
                        130,1,1,0,175,149,116,106,187,197,3,161,109,122,62,
                        137,34,190,179,215,252,80,188,252,129,40,95,104,162,
                        86,51,240,52,8,225,44,22,230,162,141,176,63,120,244,
                        238,239,107,119,13,231,138,165,190,210,67,20,50,93,86,
                        206,177,197,33,167,118,251,62,249,102,102,67,225,195,
                        197,28,178,209,27,90,106,46,124,142,40,202,221,247,51,
                        184,29,183,194,127,119,94,24,146,139,41,166,255,31,
                        250,155,57,136,109,174,232,32,125,223,66,193,163,36,
                        89,39,11,230,125,243,77,182,32,20,146,110,108,104,73,
                        117,6,202,26,84,65,86,89,244,118,243,229,205,137,177,
                        87,221,250,68,50,103,237,188,221,127,90,64,140,236,
                        225,222,105,234,249,107,169,238,225,163,188,30,181,57,
                        212,176,138,59,86,22,154,128,123,97,87,226,196,33,221,
                        31,56,248,68,148,82,177,240,40,230,176,51,153,15,85,
                        172,29,4,138,175,50,86,246,175,174,128,50,99,184,234,
                        243,120,75,220,104,110,120,9,197,228,220,139,100,213,
                        154,76,92,52,75,108,49,53,125,224,10,211,70,149,9,195,
                        165,211,226,117,65,193,50,250,117,148,171,2,3,1,0,1,
                        48,13,6,9,42,134,72,134,247,13,1,1,11,5,0,3,130,1,1,0,
                        131,149,14,126,32,254,120,74,92,167,158,136,93,239,98,
                        232,108,251,161,244,140,231,77,40,23,148,104,156,162,
                        157,220,122,142,33,237,16,209,104,195,2,103,187,122,
                        85,94,33,249,55,233,148,97,201,59,88,120,2,116,123,
                        174,29,22,116,92,121,215,222,106,216,118,108,204,191,
                        235,33,36,205,255,156,231,192,76,167,9,155,198,99,79,
                        14,220,73,91,180,86,186,142,235,141,233,1,179,78,183,
                        139,30,250,133,99,116,108,183,108,145,179,205,80,91,
                        125,78,131,3,20,174,29,195,111,37,20,120,34,219,157,7,
                        190,113,125,211,22,40,144,99,228,82,181,11,239,173,
                        179,80,108,111,25,209,185,62,7,242,93,55,228,134,173,
                        255,174,35,23,23,132,115,160,26,77,33,254,82,223,246,
                        48,104,112,251,13,208,214,14,223,88,216,123,66,89,201,
                        115,59,91,139,247,6,27,214,57,33,238,194,107,107,140,
                        155,107,206,53,254,57,254,187,49,179,253,140,41,125,5,
                        4,100,137,198,74,176,156,227,203,50,246,165,193,169,
                        39,151,227,124,74,189,110,175,211,146,235,88,117,123,
                        126,49,212,249,145,188,117>>],
                     [2,
                      <<0,0,77>>,
                      <<0,1>>,
                      <<0,0,0>>,
                      <<0,0,77>>,
                      <<254,253,89,53,16,170,237,173,185,154,147,202,80,122,
                        232,1,132,177,172,10,240,39,205,111,161,196,138,11,
                        172,52,163,106,229,118,32,22,41,219,43,15,50,169,154,
                        222,147,48,189,249,250,103,84,228,161,184,180,242,78,
                        64,36,29,105,25,145,151,204,149,147,0,60,0,0,5,255,1,
                        0,1,0>>]],
                handshakes_after_change_cipher_spec => [],next_sequence => 4},
          hashsign_algorithm => {sha,rsa},
          key_algorithm => rsa,negotiated_protocol => undefined,
          protocol_buffers =>
              {protocol_buffers,<<>>,3,undefined,[],[],
                  [{ssl_tls,22,
                       {254,253},
                       <<166,165,115,182,53,83,236,192,118,102,6,77,192,234,
                         124,243,123,238,189,155,172,115,119,125,15,42,46,170,
                         20,15,181,148,63,90,204,113,152,235,80,162,152,124,28,
                         96,18,196,42,140,127,198,31,65,67,129,129,232,60,26,6,
                         190,169,200,61,29,246,47,228,155,183,246,157,218,109,
                         69,235,192,82,45,115,105>>,
                       1,0}]},
          protocol_cb => dtls_connection,role => server,
          transport_cb => gen_udp,unprocessed_handshake_events => 0,
          user_data_buffer => <<>>}
<0.74.0>[ssl_connection:cipher#854]
<0.74.0>[ssl_connection:handle_common_event#971]
<0.74.0>[ssl_connection:cipher#847]
<0.74.0>[ssl_record:activate_pending_connection_state#104]
a6 a5 73 b6 35 53 ec c0 76 66 06 4d c0 ea 7c f3
7b ee bd 9b ac 73 77 7d 0f 2a 2e aa 14 0f b5 94
3f 5a cc 71 98 eb 50 a2 98 7c 1c 60 12 c4 2a 8c
7f c6 1f 41 43 81 81 e8 3c 1a 06 be a9 c8 3d 1d
f6 2f e4 9b b7 f6 9d da 6d 45 eb c0 52 2d 73 69


<0.74.0>[ssl_record:decipher#385]
	"Encrypted =" <<166,165,115,182,53,83,236,192,118,102,6,77,192,234,124,
                        243,123,238,189,155,172,115,119,125,15,42,46,170,20,15,
                        181,148,63,90,204,113,152,235,80,162,152,124,28,96,18,
                        196,42,140,127,198,31,65,67,129,129,232,60,26,6,190,
                        169,200,61,29,246,47,228,155,183,246,157,218,109,69,
                        235,192,82,45,115,105>>
<0.74.0>[ssl_cipher:decipher#288]
	aes_cbc
17 7f 66 2c eb e1 76 8f 7b 75 28 11 d1 4a 14 2f


<0.74.0>[ssl_cipher:block_decipher#322]
	#{fragment =>
              <<166,165,115,182,53,83,236,192,118,102,6,77,192,234,124,243,123,
                238,189,155,172,115,119,125,15,42,46,170,20,15,181,148,63,90,
                204,113,152,235,80,162,152,124,28,96,18,196,42,140,127,198,31,
                65,67,129,129,232,60,26,6,190,169,200,61,29,246,47,228,155,183,
                246,157,218,109,69,235,192,82,45,115,105>>,
          iv => <<23,127,102,44,235,225,118,143,123,117,40,17,209,74,20,47>>,
          key =>
              <<158,130,154,255,110,106,103,75,105,110,25,3,209,53,111,37>>}
<0.74.0>[ssl_cipher:decipher#290]
	#{iv => <<23,127,102,44,235,225,118,143,123,117,40,17,209,74,20,47>>,
          key => <<158,130,154,255,110,106,103,75,105,110,25,3,209,53,111,37>>,
          t =>
              <<166,165,115,182,53,83,236,192,118,102,6,77,192,234,124,243,
                123,238,189,155,172,115,119,125,15,42,46,170,20,15,181,148,63,
                90,204,113,152,235,80,162,152,124,28,96,18,196,42,140,127,198,
                31,65,67,129,129,232,60,26,6,190,169,200,61,29,246,47,228,155,
                183,246,157,218,109,69,235,192,82,45,115,105>>}
<0.74.0>[ssl_cipher:next_iv#1905]
	">>>>>>>>>>>>>>>> next iv <<<<<<<<<<<<<<<<"
"from" <<23,127,102,44,235,225,118,143,123,117,40,17,209,74,20,47>>
"to" <<246,47,228,155,183,246,157,218,109,69,235,192,82,45,115,105>>
<0.74.0>[ssl_cipher:generic_block_cipher_from_bin#1847]
	"Decrepted = " <<17,154,30,164,128,99,73,251,13,6,219,102,99,209,112,
                         65,20,0,0,12,0,3,0,0,0,0,0,12,147,184,74,68,131,49,
                         131,141,111,81,4,67,98,225,85,247,206,140,2,221,29,
                         149,65,30,90,75,138,41,36,147,24,254,28,196,204,245,
                         48,42,30,100,113,187,237,2,7,7,7,7,7,7,7,7>>
<0.74.0>[ssl_cipher:is_correct_padding#1880]
14 00 00 0c 00 03 00 00 00 00 00 0c 93 b8 4a 44
83 31 83 8d 6f 51 04 43 

<0.74.0>[ssl_record:decipher#388]
	"Plain =" <<20,0,0,12,0,3,0,0,0,0,0,12,147,184,74,68,131,49,131,141,
                    111,81,4,67>>
62 e1 55 f7 ce 8c 02 dd 1d 95 41 1e 5a 4b 8a 29
24 93 18 fe 1c c4 cc f5 30 2a 1e 64 71 bb ed 02


<0.74.0>[ssl_record:decipher#389]
	<<98,225,85,247,206,140,2,221,29,149,65,30,90,75,138,41,36,147,24,254,
          28,196,204,245,48,42,30,100,113,187,237,2>>
<0.74.0>[dtls_v1:mac_hash#42]
	{254,253} 4 <<109,69,107,126,110,69,195,73,101,129,150,250,183,230,17,
                      235,38,216,136,202,5,50,81,196,11,66,212,80,13,40,119,46>> 281474976710656 22 24 <<20,0,0,
                                                                                                         12,0,3,
                                                                                                         0,0,0,0,
                                                                                                         0,12,
                                                                                                         147,184,
                                                                                                         74,68,
                                                                                                         131,49,
                                                                                                         131,141,
                                                                                                         111,81,
                                                                                                         4,67>>
<0.74.0>[ssl_record:uncompress#321]
	<<20,0,0,12,0,3,0,0,0,0,0,12,147,184,74,68,131,49,131,141,111,81,4,67>>
<0.74.0>[ssl_connection:cipher#854]
<0.74.0>[ssl_connection:handle_common_event#971]
<0.74.0>[ssl_handshake:decode_handshake#1152]
<0.74.0>[ssl_connection:cipher#854]
<0.74.0>[ssl_connection:handle_common_event#960]
<0.74.0>[ssl_connection:handle_sni_extension#2835]
<0.74.0>[ssl_handshake:update_handshake_history#520]
<0.74.0>[ssl_connection:cipher#820]
<0.74.0>[ssl_connection:opposite_role#2195]
<0.74.0>[ssl_connection:get_current_prf#2183]
<0.74.0>[ssl_handshake:verify_connection#479]
<0.74.0>[ssl_handshake:calc_finished#1945]
<0.74.0>[ssl_handshake:verify_connection#483]
<0.74.0>[ssl_connection:cipher#826]
<0.74.0>[ssl_connection:register_session#2414]
<0.74.0>[ssl_connection:cipher_role#2161]
<0.74.0>[ssl_connection:finalize_handshake#1974]
<0.74.0>[ssl_connection:cipher_protocol#2001]
<0.74.0>[ssl_record:activate_pending_connection_state#119]
<0.74.0>[ssl_connection:next_protocol#1987]
<0.74.0>[ssl_connection:finished#2008]
<0.74.0>[ssl_connection:get_current_prf#2183]
<0.74.0>[ssl_handshake:calc_finished#1945]
<0.74.0>[ssl_connection:save_verify_data#2021]
<0.74.0>[ssl_handshake:encode_handshake#903]
	<<93,109,4,39,101,120,188,57,113,149,7,134>>
<0.74.0>[ssl_handshake:update_handshake_history#520]
<0.74.0>[ssl_record:compress#325]
	<<1>>
<0.74.0>[dtls_v1:mac_hash#42]
	{254,253} 0 undefined 2 20 1 <<1>>
<0.74.0>[ssl_record:cipher#349]
	<<1>>
<0.74.0>[ssl_cipher:cipher#129]
	null
<0.74.0>[ssl_record:compress#325]
	[[<<20,0,0,12,0,4,0,0,0,0,0,12,93,109,4,39,101,120,188,57,113,149,7,
            134>>]]
<0.74.0>[dtls_v1:mac_hash#42]
	{254,253} 4 <<123,149,227,106,78,152,184,16,227,137,229,181,214,245,
                      192,226,82,63,188,166,216,87,28,122,119,72,109,136,59,
                      204,38,205>> 281474976710656 22 24 [[<<20,0,0,12,0,4,0,
                                                             0,0,0,0,12,93,
                                                             109,4,39,101,
                                                             120,188,57,113,
                                                             149,7,134>>]]
<0.74.0>[ssl_record:cipher#349]
	[[<<20,0,0,12,0,4,0,0,0,0,0,12,93,109,4,39,101,120,188,57,113,149,7,
            134>>]]
<0.74.0>[ssl_cipher:cipher#158]
	aes_cbc [[<<20,0,0,12,0,4,0,0,0,0,0,12,93,109,4,39,101,120,188,57,
                    113,149,7,134>>]]
<0.74.0>[ssl_cipher:block_cipher#228]
	#{fragment =>
              [[<<20,0,0,12,0,4,0,0,0,0,0,12,93,109,4,39,101,120,188,57,113,
                  149,7,134>>]],
          iv =>
              <<142,215,46,143,218,109,162,166,147,194,107,191,64,129,177,57>>,
          key => <<10,233,227,248,14,21,90,99,197,239,72,58,167,228,153,191>>,
          mac =>
              <<130,255,189,78,155,79,99,13,131,81,229,225,100,206,35,44,234,
                135,68,218,209,104,251,23,199,15,239,93,3,46,121,197>>}
<0.74.0>[ssl_cipher:random_iv#1897]
	">>>>>>>>>>>>>>>> next random iv <<<<<<<<<<<<<<<<"
<0.74.0>[ssl_cipher:random_iv#1899]
	from <<142,215,46,143,218,109,162,166,147,194,107,191,64,129,177,57>>
<0.74.0>[ssl_cipher:random_iv#1901]
	to <<80,243,88,202,133,3,91,49,11,158,245,174,161,139,49,165>>
<0.74.0>[ssl_cipher:build_cipher_block#206]
	#{block_size => 16,
          fragment =>
              [[<<20,0,0,12,0,4,0,0,0,0,0,12,93,109,4,39,101,120,188,57,113,
                  149,7,134>>]],
          mac =>
              <<130,255,189,78,155,79,99,13,131,81,229,225,100,206,35,44,234,
                135,68,218,209,104,251,23,199,15,239,93,3,46,121,197>>}
<0.74.0>[ssl_cipher:get_padding#1885]
<0.74.0>[ssl_cipher:get_padding_aux#1892]
<0.74.0>[ssl_cipher:cipher#160]
	#{iv =>
              <<142,215,46,143,218,109,162,166,147,194,107,191,64,129,177,57>>,
          key => <<10,233,227,248,14,21,90,99,197,239,72,58,167,228,153,191>>,
          text =>
              [<<80,243,88,202,133,3,91,49,11,158,245,174,161,139,49,165>>,
               [[<<20,0,0,12,0,4,0,0,0,0,0,12,93,109,4,39,101,120,188,57,113,
                   149,7,134>>]],
               <<130,255,189,78,155,79,99,13,131,81,229,225,100,206,35,44,234,
                 135,68,218,209,104,251,23,199,15,239,93,3,46,121,197>>,
               7,
               <<7,7,7,7,7,7,7>>]}
<0.74.0>[ssl_connection:prepare_connection#2375]
<0.74.0>[ssl_handshake:init_handshake_history#497]
<0.74.0>[ssl_connection:ack_connection#2391]
[server:accept_loop#32] accept <0.74.0>
<0.74.0>[ssl_connection:cancel_timer#2401]
<0.3.0>[ssl:controlling_process#328]
	<0.74.0> <0.76.0>
<0.74.0>[ssl_connection:hibernate_after#2314]
<0.3.0>[ssl_connection:new_user#244]
<0.3.0>[ssl_connection:call#2206]
	"-> gen_statem:call(" <0.74.0> {new_user,<0.76.0>} ")"
<0.74.0>[ssl_connection:connection#910]
<0.74.0>[ssl_connection:handle_call#1061]
<0.3.0>[ssl:transport_accept#174]
	dtls_connection infinity
